#
# There is insufficient memory for the Java Runtime Environment to continue.
# Native memory allocation (mmap) failed to map 65536 bytes for Failed to commit metaspace.
# Possible reasons:
#   The system is out of physical RAM or swap space
#   The process is running with CompressedOops enabled, and the Java Heap may be blocking the growth of the native heap
# Possible solutions:
#   Reduce memory load on the system
#   Increase physical memory or swap space
#   Check if swap backing store is full
#   Decrease Java heap size (-Xmx/-Xms)
#   Decrease number of Java threads
#   Decrease Java thread stack sizes (-Xss)
#   Set larger code cache with -XX:ReservedCodeCacheSize=
#   JVM is running with Unscaled Compressed Oops mode in which the Java heap is
#     placed in the first 4GB address space. The Java Heap base address is the
#     maximum limit for the native heap growth. Please use -XX:HeapBaseMinAddress
#     to set the Java Heap base and to place the Java Heap above 4GB virtual address.
# This output file may be truncated or incomplete.
#
#  Out of Memory Error (virtualSpaceNode.cpp:110), pid=5432, tid=9760
#
# JRE version: Java(TM) SE Runtime Environment (17.0.7+8) (build 17.0.7+8-LTS-224)
# Java VM: Java HotSpot(TM) 64-Bit Server VM (17.0.7+8-LTS-224, mixed mode, emulated-client, sharing, tiered, compressed oops, compressed class ptrs, g1 gc, windows-amd64)
# No core dump will be written. Minidumps are not enabled by default on client versions of Windows
#

---------------  S U M M A R Y ------------

Command Line: -XX:TieredStopAtLevel=1 -Dspring.output.ansi.enabled=always -Dcom.sun.management.jmxremote -Dspring.jmx.enabled=true -Dspring.liveBeansView.mbeanDomain -Dspring.application.admin.enabled=true -Dmanagement.endpoints.jmx.exposure.include=* -javaagent:C:\Program Files\JetBrains\IntelliJ IDEA 2023.2\lib\idea_rt.jar=56717:C:\Program Files\JetBrains\IntelliJ IDEA 2023.2\bin -Dfile.encoding=UTF-8 ma.salah.gestion_de_stock_backend.GestionDeStockBackendApplication

Host: Intel(R) Core(TM) i5-7300U CPU @ 2.60GHz, 4 cores, 7G,  Windows 10 , 64 bit Build 19041 (10.0.19041.3393)
Time: Tue Oct  3 13:16:50 2023 Morocco Summer Time elapsed time: 2.614523 seconds (0d 0h 0m 2s)

---------------  T H R E A D  ---------------

Current thread (0x000001bd42ac8910):  JavaThread "background-preinit" [_thread_in_vm, id=9760, stack(0x00000009ca900000,0x00000009caa00000)]

Stack: [0x00000009ca900000,0x00000009caa00000]
Native frames: (J=compiled Java code, j=interpreted, Vv=VM code, C=native code)
V  [jvm.dll+0x676a4a]
V  [jvm.dll+0x7d74f4]
V  [jvm.dll+0x7d8c9e]
V  [jvm.dll+0x7d9303]
V  [jvm.dll+0x2452c5]
V  [jvm.dll+0x7d35fb]
V  [jvm.dll+0x61ca36]
V  [jvm.dll+0x1bfbf7]
V  [jvm.dll+0x61f390]
V  [jvm.dll+0x61d3f6]
V  [jvm.dll+0x6270f7]
V  [jvm.dll+0x1e96ad]
V  [jvm.dll+0x1e9c75]
V  [jvm.dll+0x1ea5bb]
V  [jvm.dll+0x1dfdc1]
V  [jvm.dll+0x53cf0c]
V  [jvm.dll+0x752158]
V  [jvm.dll+0x752244]
V  [jvm.dll+0x40b12f]
V  [jvm.dll+0x411149]
C  [java.dll+0x17ec]

Java frames: (J=compiled Java code, j=interpreted, Vv=VM code)
J 1157  java.lang.ClassLoader.defineClass1(Ljava/lang/ClassLoader;Ljava/lang/String;[BIILjava/security/ProtectionDomain;Ljava/lang/String;)Ljava/lang/Class; java.base@17.0.7 (0 bytes) @ 0x000001bd37a8d8e3 [0x000001bd37a8d820+0x00000000000000c3]
J 1175 c1 java.lang.ClassLoader.defineClass(Ljava/lang/String;[BIILjava/security/ProtectionDomain;)Ljava/lang/Class; java.base@17.0.7 (43 bytes) @ 0x000001bd37a963dc [0x000001bd37a962e0+0x00000000000000fc]
J 1159 c1 jdk.internal.loader.BuiltinClassLoader.defineClass(Ljava/lang/String;Ljdk/internal/loader/Resource;)Ljava/lang/Class; java.base@17.0.7 (121 bytes) @ 0x000001bd37a904e4 [0x000001bd37a90020+0x00000000000004c4]
J 1156 c1 jdk.internal.loader.BuiltinClassLoader.findClassOnClassPathOrNull(Ljava/lang/String;)Ljava/lang/Class; java.base@17.0.7 (64 bytes) @ 0x000001bd37a8e0b4 [0x000001bd37a8de00+0x00000000000002b4]
J 916 c1 jdk.internal.loader.BuiltinClassLoader.loadClassOrNull(Ljava/lang/String;Z)Ljava/lang/Class; java.base@17.0.7 (143 bytes) @ 0x000001bd37a216dc [0x000001bd37a21280+0x000000000000045c]
J 1073 c1 jdk.internal.loader.ClassLoaders$AppClassLoader.loadClass(Ljava/lang/String;Z)Ljava/lang/Class; java.base@17.0.7 (40 bytes) @ 0x000001bd37a64524 [0x000001bd37a643e0+0x0000000000000144]
J 1072 c1 java.lang.ClassLoader.loadClass(Ljava/lang/String;)Ljava/lang/Class; java.base@17.0.7 (7 bytes) @ 0x000001bd37a63ce4 [0x000001bd37a63ca0+0x0000000000000044]
v  ~StubRoutines::call_stub
J 1157  java.lang.ClassLoader.defineClass1(Ljava/lang/ClassLoader;Ljava/lang/String;[BIILjava/security/ProtectionDomain;Ljava/lang/String;)Ljava/lang/Class; java.base@17.0.7 (0 bytes) @ 0x000001bd37a8d8e3 [0x000001bd37a8d820+0x00000000000000c3]
J 1175 c1 java.lang.ClassLoader.defineClass(Ljava/lang/String;[BIILjava/security/ProtectionDomain;)Ljava/lang/Class; java.base@17.0.7 (43 bytes) @ 0x000001bd37a963dc [0x000001bd37a962e0+0x00000000000000fc]
J 1159 c1 jdk.internal.loader.BuiltinClassLoader.defineClass(Ljava/lang/String;Ljdk/internal/loader/Resource;)Ljava/lang/Class; java.base@17.0.7 (121 bytes) @ 0x000001bd37a904e4 [0x000001bd37a90020+0x00000000000004c4]
J 1156 c1 jdk.internal.loader.BuiltinClassLoader.findClassOnClassPathOrNull(Ljava/lang/String;)Ljava/lang/Class; java.base@17.0.7 (64 bytes) @ 0x000001bd37a8e0b4 [0x000001bd37a8de00+0x00000000000002b4]
J 916 c1 jdk.internal.loader.BuiltinClassLoader.loadClassOrNull(Ljava/lang/String;Z)Ljava/lang/Class; java.base@17.0.7 (143 bytes) @ 0x000001bd37a216dc [0x000001bd37a21280+0x000000000000045c]
J 1073 c1 jdk.internal.loader.ClassLoaders$AppClassLoader.loadClass(Ljava/lang/String;Z)Ljava/lang/Class; java.base@17.0.7 (40 bytes) @ 0x000001bd37a64524 [0x000001bd37a643e0+0x0000000000000144]
J 1072 c1 java.lang.ClassLoader.loadClass(Ljava/lang/String;)Ljava/lang/Class; java.base@17.0.7 (7 bytes) @ 0x000001bd37a63ce4 [0x000001bd37a63ca0+0x0000000000000044]
v  ~StubRoutines::call_stub
J 1157  java.lang.ClassLoader.defineClass1(Ljava/lang/ClassLoader;Ljava/lang/String;[BIILjava/security/ProtectionDomain;Ljava/lang/String;)Ljava/lang/Class; java.base@17.0.7 (0 bytes) @ 0x000001bd37a8d8e3 [0x000001bd37a8d820+0x00000000000000c3]
J 1175 c1 java.lang.ClassLoader.defineClass(Ljava/lang/String;[BIILjava/security/ProtectionDomain;)Ljava/lang/Class; java.base@17.0.7 (43 bytes) @ 0x000001bd37a963dc [0x000001bd37a962e0+0x00000000000000fc]
J 1159 c1 jdk.internal.loader.BuiltinClassLoader.defineClass(Ljava/lang/String;Ljdk/internal/loader/Resource;)Ljava/lang/Class; java.base@17.0.7 (121 bytes) @ 0x000001bd37a904e4 [0x000001bd37a90020+0x00000000000004c4]
J 1156 c1 jdk.internal.loader.BuiltinClassLoader.findClassOnClassPathOrNull(Ljava/lang/String;)Ljava/lang/Class; java.base@17.0.7 (64 bytes) @ 0x000001bd37a8e0b4 [0x000001bd37a8de00+0x00000000000002b4]
J 916 c1 jdk.internal.loader.BuiltinClassLoader.loadClassOrNull(Ljava/lang/String;Z)Ljava/lang/Class; java.base@17.0.7 (143 bytes) @ 0x000001bd37a216dc [0x000001bd37a21280+0x000000000000045c]
J 1073 c1 jdk.internal.loader.ClassLoaders$AppClassLoader.loadClass(Ljava/lang/String;Z)Ljava/lang/Class; java.base@17.0.7 (40 bytes) @ 0x000001bd37a64524 [0x000001bd37a643e0+0x0000000000000144]
J 1072 c1 java.lang.ClassLoader.loadClass(Ljava/lang/String;)Ljava/lang/Class; java.base@17.0.7 (7 bytes) @ 0x000001bd37a63ce4 [0x000001bd37a63ca0+0x0000000000000044]
v  ~StubRoutines::call_stub
j  com.fasterxml.jackson.databind.ObjectMapper.<init>(Lcom/fasterxml/jackson/core/JsonFactory;Lcom/fasterxml/jackson/databind/ser/DefaultSerializerProvider;Lcom/fasterxml/jackson/databind/deser/DefaultDeserializationContext;)V+260
j  com.fasterxml.jackson.databind.ObjectMapper.<init>()V+4
j  org.springframework.http.converter.json.Jackson2ObjectMapperBuilder.build()Lcom/fasterxml/jackson/databind/ObjectMapper;+81
j  org.springframework.http.converter.json.MappingJackson2HttpMessageConverter.<init>()V+4
j  org.springframework.http.converter.support.AllEncompassingFormHttpMessageConverter.<init>()V+55
j  org.springframework.boot.autoconfigure.BackgroundPreinitializer$MessageConverterInitializer.run()V+4
j  org.springframework.boot.autoconfigure.BackgroundPreinitializer$1.runSafely(Ljava/lang/Runnable;)Z+1
j  org.springframework.boot.autoconfigure.BackgroundPreinitializer$1.run()V+32
j  java.lang.Thread.run()V+11 java.base@17.0.7
v  ~StubRoutines::call_stub

---------------  P R O C E S S  ---------------

Threads class SMR info:
_java_thread_list=0x000001bd43d301c0, length=18, elements={
0x000001bd2fe452d0, 0x000001bd4155fd70, 0x000001bd41561380, 0x000001bd41576130,
0x000001bd41576ce0, 0x000001bd41579e40, 0x000001bd4157af90, 0x000001bd4157f690,
0x000001bd41580fc0, 0x000001bd41549350, 0x000001bd415fde00, 0x000001bd415fe900,
0x000001bd424ad970, 0x000001bd424b3850, 0x000001bd42603db0, 0x000001bd42a976c0,
0x000001bd42a84810, 0x000001bd42ac8910
}

Java Threads: ( => current thread )
  0x000001bd2fe452d0 JavaThread "main" [_thread_in_vm, id=9372, stack(0x00000009c8d00000,0x00000009c8e00000)]
  0x000001bd4155fd70 JavaThread "Reference Handler" daemon [_thread_blocked, id=5936, stack(0x00000009c9400000,0x00000009c9500000)]
  0x000001bd41561380 JavaThread "Finalizer" daemon [_thread_blocked, id=3500, stack(0x00000009c9500000,0x00000009c9600000)]
  0x000001bd41576130 JavaThread "Signal Dispatcher" daemon [_thread_blocked, id=2732, stack(0x00000009c9600000,0x00000009c9700000)]
  0x000001bd41576ce0 JavaThread "Attach Listener" daemon [_thread_blocked, id=8024, stack(0x00000009c9700000,0x00000009c9800000)]
  0x000001bd41579e40 JavaThread "Service Thread" daemon [_thread_blocked, id=3868, stack(0x00000009c9800000,0x00000009c9900000)]
  0x000001bd4157af90 JavaThread "Monitor Deflation Thread" daemon [_thread_blocked, id=2712, stack(0x00000009c9900000,0x00000009c9a00000)]
  0x000001bd4157f690 JavaThread "C1 CompilerThread0" daemon [_thread_blocked, id=3780, stack(0x00000009c9a00000,0x00000009c9b00000)]
  0x000001bd41580fc0 JavaThread "Sweeper thread" daemon [_thread_blocked, id=5368, stack(0x00000009c9b00000,0x00000009c9c00000)]
  0x000001bd41549350 JavaThread "Common-Cleaner" daemon [_thread_blocked, id=3788, stack(0x00000009c9c00000,0x00000009c9d00000)]
  0x000001bd415fde00 JavaThread "C1 CompilerThread1" daemon [_thread_blocked, id=8556, stack(0x00000009c9d00000,0x00000009c9e00000)]
  0x000001bd415fe900 JavaThread "C1 CompilerThread2" daemon [_thread_blocked, id=1080, stack(0x00000009c9e00000,0x00000009c9f00000)]
  0x000001bd424ad970 JavaThread "Monitor Ctrl-Break" daemon [_thread_in_native, id=6088, stack(0x00000009c9f00000,0x00000009ca000000)]
  0x000001bd424b3850 JavaThread "Notification Thread" daemon [_thread_blocked, id=404, stack(0x00000009ca000000,0x00000009ca100000)]
  0x000001bd42603db0 JavaThread "RMI TCP Accept-0" daemon [_thread_in_native, id=5804, stack(0x00000009ca100000,0x00000009ca200000)]
  0x000001bd42a976c0 JavaThread "RMI TCP Connection(1)-192.168.1.4" daemon [_thread_in_native, id=10140, stack(0x00000009ca700000,0x00000009ca800000)]
  0x000001bd42a84810 JavaThread "RMI Scheduler(0)" daemon [_thread_blocked, id=9712, stack(0x00000009ca800000,0x00000009ca900000)]
=>0x000001bd42ac8910 JavaThread "background-preinit" [_thread_in_vm, id=9760, stack(0x00000009ca900000,0x00000009caa00000)]

Other Threads:
  0x000001bd4155a5d0 VMThread "VM Thread" [stack: 0x00000009c9300000,0x00000009c9400000] [id=4360]
  0x000001bd41569a20 WatcherThread [stack: 0x00000009ca200000,0x00000009ca300000] [id=8308]
  0x000001bd2fe9ec10 GCTaskThread "GC Thread#0" [stack: 0x00000009c8e00000,0x00000009c8f00000] [id=4460]
  0x000001bd4270d040 GCTaskThread "GC Thread#1" [stack: 0x00000009ca300000,0x00000009ca400000] [id=10088]
  0x000001bd426c0660 GCTaskThread "GC Thread#2" [stack: 0x00000009ca400000,0x00000009ca500000] [id=8568]
  0x000001bd427423b0 GCTaskThread "GC Thread#3" [stack: 0x00000009ca500000,0x00000009ca600000] [id=8408]
  0x000001bd2ddfdeb0 ConcurrentGCThread "G1 Main Marker" [stack: 0x00000009c8f00000,0x00000009c9000000] [id=2168]
  0x000001bd2ddfe8c0 ConcurrentGCThread "G1 Conc#0" [stack: 0x00000009c9000000,0x00000009c9100000] [id=4156]
  0x000001bd2ff02290 ConcurrentGCThread "G1 Refine#0" [stack: 0x00000009c9100000,0x00000009c9200000] [id=9624]
  0x000001bd426c0910 ConcurrentGCThread "G1 Refine#1" [stack: 0x00000009ca600000,0x00000009ca700000] [id=256]
  0x000001bd2ff02cb0 ConcurrentGCThread "G1 Service" [stack: 0x00000009c9200000,0x00000009c9300000] [id=9648]

Threads with active compile tasks:

VM state: not at safepoint (normal execution)

VM Mutex/Monitor currently owned by a thread:  ([mutex/lock_event])
[0x000001bd2fe3ec60] Metaspace_lock - owner thread: 0x000001bd42ac8910

Heap address: 0x0000000081c00000, size: 2020 MB, Compressed Oops mode: 32-bit

CDS archive(s) mapped at: [0x0000000800000000-0x0000000800bd0000-0x0000000800bd0000), size 12386304, SharedBaseAddress: 0x0000000800000000, ArchiveRelocationMode: 0.
Compressed class space mapped at: 0x0000000800c00000-0x0000000840c00000, reserved size: 1073741824
Narrow klass base: 0x0000000800000000, Narrow klass shift: 0, Narrow klass range: 0x100000000

GC Precious Log:
 CPUs: 4 total, 4 available
 Memory: 8073M
 Large Page Support: Disabled
 NUMA Support: Disabled
 Compressed Oops: Enabled (32-bit)
 Heap Region Size: 1M
 Heap Min Capacity: 8M
 Heap Initial Capacity: 128M
 Heap Max Capacity: 2020M
 Pre-touch: Disabled
 Parallel Workers: 4
 Concurrent Workers: 1
 Concurrent Refinement Workers: 4
 Periodic GC: Disabled

Heap:
 garbage-first heap   total 131072K, used 28198K [0x0000000081c00000, 0x0000000100000000)
  region size 1024K, 22 young (22528K), 3 survivors (3072K)
 Metaspace       used 16117K, committed 16448K, reserved 1064960K
  class space    used 2121K, committed 2304K, reserved 1048576K

Heap Regions: E=young(eden), S=young(survivor), O=old, HS=humongous(starts), HC=humongous(continues), CS=collection set, F=free, OA=open archive, CA=closed archive, TAMS=top-at-mark-start (previous, next)
|   0|0x0000000081c00000, 0x0000000081d00000, 0x0000000081d00000|100%|HS|  |TAMS 0x0000000081c00000, 0x0000000081c00000| Complete 
|   1|0x0000000081d00000, 0x0000000081e00000, 0x0000000081e00000|100%| O|  |TAMS 0x0000000081d00000, 0x0000000081d00000| Untracked 
|   2|0x0000000081e00000, 0x0000000081f00000, 0x0000000081f00000|100%| O|  |TAMS 0x0000000081e00000, 0x0000000081e00000| Untracked 
|   3|0x0000000081f00000, 0x0000000082000000, 0x0000000082000000|100%| O|  |TAMS 0x0000000081f00000, 0x0000000081f00000| Untracked 
|   4|0x0000000082000000, 0x0000000082100000, 0x0000000082100000|100%| O|  |TAMS 0x0000000082000000, 0x0000000082000000| Untracked 
|   5|0x0000000082100000, 0x0000000082200000, 0x0000000082200000|100%| O|  |TAMS 0x0000000082100000, 0x0000000082100000| Untracked 
|   6|0x0000000082200000, 0x00000000822a3e00, 0x0000000082300000| 64%| O|  |TAMS 0x0000000082200000, 0x0000000082200000| Untracked 
|   7|0x0000000082300000, 0x0000000082300000, 0x0000000082400000|  0%| F|  |TAMS 0x0000000082300000, 0x0000000082300000| Untracked 
|   8|0x0000000082400000, 0x0000000082400000, 0x0000000082500000|  0%| F|  |TAMS 0x0000000082400000, 0x0000000082400000| Untracked 
|   9|0x0000000082500000, 0x0000000082500000, 0x0000000082600000|  0%| F|  |TAMS 0x0000000082500000, 0x0000000082500000| Untracked 
|  10|0x0000000082600000, 0x0000000082600000, 0x0000000082700000|  0%| F|  |TAMS 0x0000000082600000, 0x0000000082600000| Untracked 
|  11|0x0000000082700000, 0x0000000082700000, 0x0000000082800000|  0%| F|  |TAMS 0x0000000082700000, 0x0000000082700000| Untracked 
|  12|0x0000000082800000, 0x0000000082800000, 0x0000000082900000|  0%| F|  |TAMS 0x0000000082800000, 0x0000000082800000| Untracked 
|  13|0x0000000082900000, 0x0000000082900000, 0x0000000082a00000|  0%| F|  |TAMS 0x0000000082900000, 0x0000000082900000| Untracked 
|  14|0x0000000082a00000, 0x0000000082a00000, 0x0000000082b00000|  0%| F|  |TAMS 0x0000000082a00000, 0x0000000082a00000| Untracked 
|  15|0x0000000082b00000, 0x0000000082b00000, 0x0000000082c00000|  0%| F|  |TAMS 0x0000000082b00000, 0x0000000082b00000| Untracked 
|  16|0x0000000082c00000, 0x0000000082c00000, 0x0000000082d00000|  0%| F|  |TAMS 0x0000000082c00000, 0x0000000082c00000| Untracked 
|  17|0x0000000082d00000, 0x0000000082d00000, 0x0000000082e00000|  0%| F|  |TAMS 0x0000000082d00000, 0x0000000082d00000| Untracked 
|  18|0x0000000082e00000, 0x0000000082e00000, 0x0000000082f00000|  0%| F|  |TAMS 0x0000000082e00000, 0x0000000082e00000| Untracked 
|  19|0x0000000082f00000, 0x0000000082f00000, 0x0000000083000000|  0%| F|  |TAMS 0x0000000082f00000, 0x0000000082f00000| Untracked 
|  20|0x0000000083000000, 0x0000000083000000, 0x0000000083100000|  0%| F|  |TAMS 0x0000000083000000, 0x0000000083000000| Untracked 
|  21|0x0000000083100000, 0x0000000083100000, 0x0000000083200000|  0%| F|  |TAMS 0x0000000083100000, 0x0000000083100000| Untracked 
|  22|0x0000000083200000, 0x0000000083200000, 0x0000000083300000|  0%| F|  |TAMS 0x0000000083200000, 0x0000000083200000| Untracked 
|  23|0x0000000083300000, 0x0000000083300000, 0x0000000083400000|  0%| F|  |TAMS 0x0000000083300000, 0x0000000083300000| Untracked 
|  24|0x0000000083400000, 0x0000000083400000, 0x0000000083500000|  0%| F|  |TAMS 0x0000000083400000, 0x0000000083400000| Untracked 
|  25|0x0000000083500000, 0x0000000083500000, 0x0000000083600000|  0%| F|  |TAMS 0x0000000083500000, 0x0000000083500000| Untracked 
|  26|0x0000000083600000, 0x0000000083600000, 0x0000000083700000|  0%| F|  |TAMS 0x0000000083600000, 0x0000000083600000| Untracked 
|  27|0x0000000083700000, 0x0000000083700000, 0x0000000083800000|  0%| F|  |TAMS 0x0000000083700000, 0x0000000083700000| Untracked 
|  28|0x0000000083800000, 0x0000000083800000, 0x0000000083900000|  0%| F|  |TAMS 0x0000000083800000, 0x0000000083800000| Untracked 
|  29|0x0000000083900000, 0x0000000083900000, 0x0000000083a00000|  0%| F|  |TAMS 0x0000000083900000, 0x0000000083900000| Untracked 
|  30|0x0000000083a00000, 0x0000000083a00000, 0x0000000083b00000|  0%| F|  |TAMS 0x0000000083a00000, 0x0000000083a00000| Untracked 
|  31|0x0000000083b00000, 0x0000000083b00000, 0x0000000083c00000|  0%| F|  |TAMS 0x0000000083b00000, 0x0000000083b00000| Untracked 
|  32|0x0000000083c00000, 0x0000000083c00000, 0x0000000083d00000|  0%| F|  |TAMS 0x0000000083c00000, 0x0000000083c00000| Untracked 
|  33|0x0000000083d00000, 0x0000000083d00000, 0x0000000083e00000|  0%| F|  |TAMS 0x0000000083d00000, 0x0000000083d00000| Untracked 
|  34|0x0000000083e00000, 0x0000000083e00000, 0x0000000083f00000|  0%| F|  |TAMS 0x0000000083e00000, 0x0000000083e00000| Untracked 
|  35|0x0000000083f00000, 0x0000000083f00000, 0x0000000084000000|  0%| F|  |TAMS 0x0000000083f00000, 0x0000000083f00000| Untracked 
|  36|0x0000000084000000, 0x0000000084000000, 0x0000000084100000|  0%| F|  |TAMS 0x0000000084000000, 0x0000000084000000| Untracked 
|  37|0x0000000084100000, 0x0000000084100000, 0x0000000084200000|  0%| F|  |TAMS 0x0000000084100000, 0x0000000084100000| Untracked 
|  38|0x0000000084200000, 0x0000000084200000, 0x0000000084300000|  0%| F|  |TAMS 0x0000000084200000, 0x0000000084200000| Untracked 
|  39|0x0000000084300000, 0x0000000084300000, 0x0000000084400000|  0%| F|  |TAMS 0x0000000084300000, 0x0000000084300000| Untracked 
|  40|0x0000000084400000, 0x0000000084400000, 0x0000000084500000|  0%| F|  |TAMS 0x0000000084400000, 0x0000000084400000| Untracked 
|  41|0x0000000084500000, 0x0000000084500000, 0x0000000084600000|  0%| F|  |TAMS 0x0000000084500000, 0x0000000084500000| Untracked 
|  42|0x0000000084600000, 0x0000000084600000, 0x0000000084700000|  0%| F|  |TAMS 0x0000000084600000, 0x0000000084600000| Untracked 
|  43|0x0000000084700000, 0x0000000084700000, 0x0000000084800000|  0%| F|  |TAMS 0x0000000084700000, 0x0000000084700000| Untracked 
|  44|0x0000000084800000, 0x0000000084800000, 0x0000000084900000|  0%| F|  |TAMS 0x0000000084800000, 0x0000000084800000| Untracked 
|  45|0x0000000084900000, 0x0000000084900000, 0x0000000084a00000|  0%| F|  |TAMS 0x0000000084900000, 0x0000000084900000| Untracked 
|  46|0x0000000084a00000, 0x0000000084a00000, 0x0000000084b00000|  0%| F|  |TAMS 0x0000000084a00000, 0x0000000084a00000| Untracked 
|  47|0x0000000084b00000, 0x0000000084b00000, 0x0000000084c00000|  0%| F|  |TAMS 0x0000000084b00000, 0x0000000084b00000| Untracked 
|  48|0x0000000084c00000, 0x0000000084c00000, 0x0000000084d00000|  0%| F|  |TAMS 0x0000000084c00000, 0x0000000084c00000| Untracked 
|  49|0x0000000084d00000, 0x0000000084d00000, 0x0000000084e00000|  0%| F|  |TAMS 0x0000000084d00000, 0x0000000084d00000| Untracked 
|  50|0x0000000084e00000, 0x0000000084e00000, 0x0000000084f00000|  0%| F|  |TAMS 0x0000000084e00000, 0x0000000084e00000| Untracked 
|  51|0x0000000084f00000, 0x0000000084f00000, 0x0000000085000000|  0%| F|  |TAMS 0x0000000084f00000, 0x0000000084f00000| Untracked 
|  52|0x0000000085000000, 0x0000000085000000, 0x0000000085100000|  0%| F|  |TAMS 0x0000000085000000, 0x0000000085000000| Untracked 
|  53|0x0000000085100000, 0x0000000085100000, 0x0000000085200000|  0%| F|  |TAMS 0x0000000085100000, 0x0000000085100000| Untracked 
|  54|0x0000000085200000, 0x0000000085200000, 0x0000000085300000|  0%| F|  |TAMS 0x0000000085200000, 0x0000000085200000| Untracked 
|  55|0x0000000085300000, 0x0000000085300000, 0x0000000085400000|  0%| F|  |TAMS 0x0000000085300000, 0x0000000085300000| Untracked 
|  56|0x0000000085400000, 0x0000000085400000, 0x0000000085500000|  0%| F|  |TAMS 0x0000000085400000, 0x0000000085400000| Untracked 
|  57|0x0000000085500000, 0x0000000085500000, 0x0000000085600000|  0%| F|  |TAMS 0x0000000085500000, 0x0000000085500000| Untracked 
|  58|0x0000000085600000, 0x0000000085600000, 0x0000000085700000|  0%| F|  |TAMS 0x0000000085600000, 0x0000000085600000| Untracked 
|  59|0x0000000085700000, 0x0000000085700000, 0x0000000085800000|  0%| F|  |TAMS 0x0000000085700000, 0x0000000085700000| Untracked 
|  60|0x0000000085800000, 0x0000000085800000, 0x0000000085900000|  0%| F|  |TAMS 0x0000000085800000, 0x0000000085800000| Untracked 
|  61|0x0000000085900000, 0x0000000085900000, 0x0000000085a00000|  0%| F|  |TAMS 0x0000000085900000, 0x0000000085900000| Untracked 
|  62|0x0000000085a00000, 0x0000000085a00000, 0x0000000085b00000|  0%| F|  |TAMS 0x0000000085a00000, 0x0000000085a00000| Untracked 
|  63|0x0000000085b00000, 0x0000000085b00000, 0x0000000085c00000|  0%| F|  |TAMS 0x0000000085b00000, 0x0000000085b00000| Untracked 
|  64|0x0000000085c00000, 0x0000000085c00000, 0x0000000085d00000|  0%| F|  |TAMS 0x0000000085c00000, 0x0000000085c00000| Untracked 
|  65|0x0000000085d00000, 0x0000000085d00000, 0x0000000085e00000|  0%| F|  |TAMS 0x0000000085d00000, 0x0000000085d00000| Untracked 
|  66|0x0000000085e00000, 0x0000000085e00000, 0x0000000085f00000|  0%| F|  |TAMS 0x0000000085e00000, 0x0000000085e00000| Untracked 
|  67|0x0000000085f00000, 0x0000000085f00000, 0x0000000086000000|  0%| F|  |TAMS 0x0000000085f00000, 0x0000000085f00000| Untracked 
|  68|0x0000000086000000, 0x0000000086000000, 0x0000000086100000|  0%| F|  |TAMS 0x0000000086000000, 0x0000000086000000| Untracked 
|  69|0x0000000086100000, 0x0000000086100000, 0x0000000086200000|  0%| F|  |TAMS 0x0000000086100000, 0x0000000086100000| Untracked 
|  70|0x0000000086200000, 0x0000000086200000, 0x0000000086300000|  0%| F|  |TAMS 0x0000000086200000, 0x0000000086200000| Untracked 
|  71|0x0000000086300000, 0x0000000086300000, 0x0000000086400000|  0%| F|  |TAMS 0x0000000086300000, 0x0000000086300000| Untracked 
|  72|0x0000000086400000, 0x0000000086400000, 0x0000000086500000|  0%| F|  |TAMS 0x0000000086400000, 0x0000000086400000| Untracked 
|  73|0x0000000086500000, 0x0000000086500000, 0x0000000086600000|  0%| F|  |TAMS 0x0000000086500000, 0x0000000086500000| Untracked 
|  74|0x0000000086600000, 0x0000000086600000, 0x0000000086700000|  0%| F|  |TAMS 0x0000000086600000, 0x0000000086600000| Untracked 
|  75|0x0000000086700000, 0x0000000086700000, 0x0000000086800000|  0%| F|  |TAMS 0x0000000086700000, 0x0000000086700000| Untracked 
|  76|0x0000000086800000, 0x0000000086800000, 0x0000000086900000|  0%| F|  |TAMS 0x0000000086800000, 0x0000000086800000| Untracked 
|  77|0x0000000086900000, 0x0000000086900000, 0x0000000086a00000|  0%| F|  |TAMS 0x0000000086900000, 0x0000000086900000| Untracked 
|  78|0x0000000086a00000, 0x0000000086a00000, 0x0000000086b00000|  0%| F|  |TAMS 0x0000000086a00000, 0x0000000086a00000| Untracked 
|  79|0x0000000086b00000, 0x0000000086b00000, 0x0000000086c00000|  0%| F|  |TAMS 0x0000000086b00000, 0x0000000086b00000| Untracked 
|  80|0x0000000086c00000, 0x0000000086c00000, 0x0000000086d00000|  0%| F|  |TAMS 0x0000000086c00000, 0x0000000086c00000| Untracked 
|  81|0x0000000086d00000, 0x0000000086d00000, 0x0000000086e00000|  0%| F|  |TAMS 0x0000000086d00000, 0x0000000086d00000| Untracked 
|  82|0x0000000086e00000, 0x0000000086e00000, 0x0000000086f00000|  0%| F|  |TAMS 0x0000000086e00000, 0x0000000086e00000| Untracked 
|  83|0x0000000086f00000, 0x0000000086f00000, 0x0000000087000000|  0%| F|  |TAMS 0x0000000086f00000, 0x0000000086f00000| Untracked 
|  84|0x0000000087000000, 0x0000000087000000, 0x0000000087100000|  0%| F|  |TAMS 0x0000000087000000, 0x0000000087000000| Untracked 
|  85|0x0000000087100000, 0x0000000087100000, 0x0000000087200000|  0%| F|  |TAMS 0x0000000087100000, 0x0000000087100000| Untracked 
|  86|0x0000000087200000, 0x0000000087200000, 0x0000000087300000|  0%| F|  |TAMS 0x0000000087200000, 0x0000000087200000| Untracked 
|  87|0x0000000087300000, 0x0000000087300000, 0x0000000087400000|  0%| F|  |TAMS 0x0000000087300000, 0x0000000087300000| Untracked 
|  88|0x0000000087400000, 0x0000000087400000, 0x0000000087500000|  0%| F|  |TAMS 0x0000000087400000, 0x0000000087400000| Untracked 
|  89|0x0000000087500000, 0x0000000087500000, 0x0000000087600000|  0%| F|  |TAMS 0x0000000087500000, 0x0000000087500000| Untracked 
|  90|0x0000000087600000, 0x0000000087600000, 0x0000000087700000|  0%| F|  |TAMS 0x0000000087600000, 0x0000000087600000| Untracked 
|  91|0x0000000087700000, 0x0000000087700000, 0x0000000087800000|  0%| F|  |TAMS 0x0000000087700000, 0x0000000087700000| Untracked 
|  92|0x0000000087800000, 0x0000000087800000, 0x0000000087900000|  0%| F|  |TAMS 0x0000000087800000, 0x0000000087800000| Untracked 
|  93|0x0000000087900000, 0x0000000087900000, 0x0000000087a00000|  0%| F|  |TAMS 0x0000000087900000, 0x0000000087900000| Untracked 
|  94|0x0000000087a00000, 0x0000000087a00000, 0x0000000087b00000|  0%| F|  |TAMS 0x0000000087a00000, 0x0000000087a00000| Untracked 
|  95|0x0000000087b00000, 0x0000000087b00000, 0x0000000087c00000|  0%| F|  |TAMS 0x0000000087b00000, 0x0000000087b00000| Untracked 
|  96|0x0000000087c00000, 0x0000000087c00000, 0x0000000087d00000|  0%| F|  |TAMS 0x0000000087c00000, 0x0000000087c00000| Untracked 
|  97|0x0000000087d00000, 0x0000000087d00000, 0x0000000087e00000|  0%| F|  |TAMS 0x0000000087d00000, 0x0000000087d00000| Untracked 
|  98|0x0000000087e00000, 0x0000000087e00000, 0x0000000087f00000|  0%| F|  |TAMS 0x0000000087e00000, 0x0000000087e00000| Untracked 
|  99|0x0000000087f00000, 0x0000000087f00000, 0x0000000088000000|  0%| F|  |TAMS 0x0000000087f00000, 0x0000000087f00000| Untracked 
| 100|0x0000000088000000, 0x0000000088000000, 0x0000000088100000|  0%| F|  |TAMS 0x0000000088000000, 0x0000000088000000| Untracked 
| 101|0x0000000088100000, 0x0000000088100000, 0x0000000088200000|  0%| F|  |TAMS 0x0000000088100000, 0x0000000088100000| Untracked 
| 102|0x0000000088200000, 0x0000000088200000, 0x0000000088300000|  0%| F|  |TAMS 0x0000000088200000, 0x0000000088200000| Untracked 
| 103|0x0000000088300000, 0x00000000883e5c70, 0x0000000088400000| 89%| S|CS|TAMS 0x0000000088300000, 0x0000000088300000| Complete 
| 104|0x0000000088400000, 0x0000000088500000, 0x0000000088500000|100%| S|CS|TAMS 0x0000000088400000, 0x0000000088400000| Complete 
| 105|0x0000000088500000, 0x0000000088600000, 0x0000000088600000|100%| S|CS|TAMS 0x0000000088500000, 0x0000000088500000| Complete 
| 106|0x0000000088600000, 0x0000000088600000, 0x0000000088700000|  0%| F|  |TAMS 0x0000000088600000, 0x0000000088600000| Untracked 
| 107|0x0000000088700000, 0x0000000088700000, 0x0000000088800000|  0%| F|  |TAMS 0x0000000088700000, 0x0000000088700000| Untracked 
| 108|0x0000000088800000, 0x0000000088800000, 0x0000000088900000|  0%| F|  |TAMS 0x0000000088800000, 0x0000000088800000| Untracked 
| 109|0x0000000088900000, 0x000000008890e328, 0x0000000088a00000|  5%| E|  |TAMS 0x0000000088900000, 0x0000000088900000| Complete 
| 110|0x0000000088a00000, 0x0000000088b00000, 0x0000000088b00000|100%| E|CS|TAMS 0x0000000088a00000, 0x0000000088a00000| Complete 
| 111|0x0000000088b00000, 0x0000000088c00000, 0x0000000088c00000|100%| E|CS|TAMS 0x0000000088b00000, 0x0000000088b00000| Complete 
| 112|0x0000000088c00000, 0x0000000088d00000, 0x0000000088d00000|100%| E|CS|TAMS 0x0000000088c00000, 0x0000000088c00000| Complete 
| 113|0x0000000088d00000, 0x0000000088e00000, 0x0000000088e00000|100%| E|CS|TAMS 0x0000000088d00000, 0x0000000088d00000| Complete 
| 114|0x0000000088e00000, 0x0000000088f00000, 0x0000000088f00000|100%| E|CS|TAMS 0x0000000088e00000, 0x0000000088e00000| Complete 
| 115|0x0000000088f00000, 0x0000000089000000, 0x0000000089000000|100%| E|CS|TAMS 0x0000000088f00000, 0x0000000088f00000| Complete 
| 116|0x0000000089000000, 0x0000000089100000, 0x0000000089100000|100%| E|CS|TAMS 0x0000000089000000, 0x0000000089000000| Complete 
| 117|0x0000000089100000, 0x0000000089200000, 0x0000000089200000|100%| E|CS|TAMS 0x0000000089100000, 0x0000000089100000| Complete 
| 118|0x0000000089200000, 0x0000000089300000, 0x0000000089300000|100%| E|CS|TAMS 0x0000000089200000, 0x0000000089200000| Complete 
| 119|0x0000000089300000, 0x0000000089400000, 0x0000000089400000|100%| E|CS|TAMS 0x0000000089300000, 0x0000000089300000| Complete 
| 120|0x0000000089400000, 0x0000000089500000, 0x0000000089500000|100%| E|CS|TAMS 0x0000000089400000, 0x0000000089400000| Complete 
| 121|0x0000000089500000, 0x0000000089600000, 0x0000000089600000|100%| E|CS|TAMS 0x0000000089500000, 0x0000000089500000| Complete 
| 122|0x0000000089600000, 0x0000000089700000, 0x0000000089700000|100%| E|CS|TAMS 0x0000000089600000, 0x0000000089600000| Complete 
| 123|0x0000000089700000, 0x0000000089800000, 0x0000000089800000|100%| E|CS|TAMS 0x0000000089700000, 0x0000000089700000| Complete 
| 124|0x0000000089800000, 0x0000000089900000, 0x0000000089900000|100%| E|CS|TAMS 0x0000000089800000, 0x0000000089800000| Complete 
| 125|0x0000000089900000, 0x0000000089a00000, 0x0000000089a00000|100%| E|CS|TAMS 0x0000000089900000, 0x0000000089900000| Complete 
| 126|0x0000000089a00000, 0x0000000089b00000, 0x0000000089b00000|100%| E|CS|TAMS 0x0000000089a00000, 0x0000000089a00000| Complete 
| 127|0x0000000089b00000, 0x0000000089c00000, 0x0000000089c00000|100%| E|CS|TAMS 0x0000000089b00000, 0x0000000089b00000| Complete 

Card table byte_map: [0x000001bd3aac0000,0x000001bd3aec0000] _byte_map_base: 0x000001bd3a6b2000

Marking Bits (Prev, Next): (CMBitMap*) 0x000001bd2fe9f220, (CMBitMap*) 0x000001bd2fe9f260
 Prev Bits: [0x000001bd3b2c0000, 0x000001bd3d250000)
 Next Bits: [0x000001bd3d250000, 0x000001bd3f1e0000)

Polling page: 0x000001bd2de50000

Metaspace:

Usage:
  Non-class:     13.67 MB used.
      Class:      2.07 MB used.
       Both:     15.74 MB used.

Virtual space:
  Non-class space:       16.00 MB reserved,      13.81 MB ( 86%) committed,  2 nodes.
      Class space:        1.00 GB reserved,       2.25 MB ( <1%) committed,  1 nodes.
             Both:        1.02 GB reserved,      16.06 MB (  2%) committed. 

Chunk freelists:
   Non-Class:  1.67 MB
       Class:  1.80 MB
        Both:  3.47 MB

MaxMetaspaceSize: unlimited
CompressedClassSpaceSize: 1.00 GB
Initial GC threshold: 21.00 MB
Current GC threshold: 21.00 MB
CDS: on
MetaspaceReclaimPolicy: balanced
 - commit_granule_bytes: 65536.
 - commit_granule_words: 8192.
 - virtual_space_node_default_size: 1048576.
 - enlarge_chunks_in_place: 1.
 - new_chunks_are_fully_committed: 0.
 - uncommit_free_chunks: 1.
 - use_allocation_guard: 0.
 - handle_deallocations: 1.


Internal statistics:

num_allocs_failed_limit: 0.
num_arena_births: 288.
num_arena_deaths: 0.
num_vsnodes_births: 3.
num_vsnodes_deaths: 0.
num_space_committed: 257.
num_space_uncommitted: 0.
num_chunks_returned_to_freelist: 0.
num_chunks_taken_from_freelist: 737.
num_chunk_merges: 0.
num_chunk_splits: 501.
num_chunks_enlarged: 369.
num_purges: 0.
num_inconsistent_stats: 0.

CodeCache: size=49152Kb used=5456Kb max_used=5456Kb free=43695Kb
 bounds [0x000001bd376c0000, 0x000001bd37c20000, 0x000001bd3a6c0000]
 total_blobs=2627 nmethods=2127 adapters=425
 compilation: enabled
              stopped_count=0, restarted_count=0
 full_count=0

Compilation events (20 events):
Event: 2.536 Thread 0x000001bd4157f690 nmethod 2117 0x000001bd37c0d390 code [0x000001bd37c0d520, 0x000001bd37c0d6a8]
Event: 2.538 Thread 0x000001bd415fde00 2118       1       java.util.LinkedHashMap::<init> (10 bytes)
Event: 2.538 Thread 0x000001bd415fde00 nmethod 2118 0x000001bd37c0d790 code [0x000001bd37c0d920, 0x000001bd37c0d9f8]
Event: 2.580 Thread 0x000001bd415fde00 2119       1       java.util.jar.JarFile$JarFileEntry::getRealName (5 bytes)
Event: 2.580 Thread 0x000001bd415fde00 nmethod 2119 0x000001bd37c0e390 code [0x000001bd37c0e520, 0x000001bd37c0e5f8]
Event: 2.586 Thread 0x000001bd415fde00 2120   !   1       sun.reflect.annotation.AnnotationParser::parseAnnotations (37 bytes)
Event: 2.587 Thread 0x000001bd415fde00 nmethod 2120 0x000001bd37c0e690 code [0x000001bd37c0e860, 0x000001bd37c0ea68]
Event: 2.597 Thread 0x000001bd415fde00 2121  s!   1       jdk.internal.loader.URLClassPath::getLoader (194 bytes)
Event: 2.598 Thread 0x000001bd415fde00 nmethod 2121 0x000001bd37c0eb90 code [0x000001bd37c0ee60, 0x000001bd37c0fb28]
Event: 2.607 Thread 0x000001bd415fde00 2122       1       java.lang.Class::isAnnotation (17 bytes)
Event: 2.607 Thread 0x000001bd4157f690 2123       1       jdk.internal.loader.AbstractClassLoaderValue$Sub::equals (55 bytes)
Event: 2.607 Thread 0x000001bd415fde00 nmethod 2122 0x000001bd37c10590 code [0x000001bd37c10720, 0x000001bd37c10818]
Event: 2.607 Thread 0x000001bd415fde00 2124       1       jdk.internal.loader.AbstractClassLoaderValue::map (20 bytes)
Event: 2.607 Thread 0x000001bd4157f690 nmethod 2123 0x000001bd37c10890 code [0x000001bd37c10a40, 0x000001bd37c10cd8]
Event: 2.607 Thread 0x000001bd415fde00 nmethod 2124 0x000001bd37c10e10 code [0x000001bd37c10fa0, 0x000001bd37c11088]
Event: 2.607 Thread 0x000001bd415fe900 2125   !   1       jdk.internal.loader.AbstractClassLoaderValue::get (21 bytes)
Event: 2.608 Thread 0x000001bd415fe900 nmethod 2125 0x000001bd37c11190 code [0x000001bd37c11360, 0x000001bd37c115a8]
Event: 2.609 Thread 0x000001bd415fde00 2126       1       java.util.zip.ZipEntry::setExtra0 (493 bytes)
Event: 2.612 Thread 0x000001bd415fde00 nmethod 2126 0x000001bd37c11790 code [0x000001bd37c119e0, 0x000001bd37c13228]
Event: 2.613 Thread 0x000001bd415fde00 2127   !   1       jdk.internal.loader.BuiltinClassLoader$2::run (114 bytes)

GC Heap History (6 events):
Event: 1.295 GC heap before
{Heap before GC invocations=0 (full 0):
 garbage-first heap   total 131072K, used 13312K [0x0000000081c00000, 0x0000000100000000)
  region size 1024K, 13 young (13312K), 0 survivors (0K)
 Metaspace       used 5069K, committed 5248K, reserved 1056768K
  class space    used 609K, committed 704K, reserved 1048576K
}
Event: 1.301 GC heap after
{Heap after GC invocations=1 (full 0):
 garbage-first heap   total 131072K, used 6771K [0x0000000081c00000, 0x0000000100000000)
  region size 1024K, 2 young (2048K), 2 survivors (2048K)
 Metaspace       used 5069K, committed 5248K, reserved 1056768K
  class space    used 609K, committed 704K, reserved 1048576K
}
Event: 1.642 GC heap before
{Heap before GC invocations=1 (full 0):
 garbage-first heap   total 131072K, used 14963K [0x0000000081c00000, 0x0000000100000000)
  region size 1024K, 10 young (10240K), 2 survivors (2048K)
 Metaspace       used 7053K, committed 7232K, reserved 1056768K
  class space    used 895K, committed 960K, reserved 1048576K
}
Event: 1.646 GC heap after
{Heap after GC invocations=2 (full 0):
 garbage-first heap   total 131072K, used 7823K [0x0000000081c00000, 0x0000000100000000)
  region size 1024K, 1 young (1024K), 1 survivors (1024K)
 Metaspace       used 7053K, committed 7232K, reserved 1056768K
  class space    used 895K, committed 960K, reserved 1048576K
}
Event: 2.316 GC heap before
{Heap before GC invocations=2 (full 0):
 garbage-first heap   total 131072K, used 28303K [0x0000000081c00000, 0x0000000100000000)
  region size 1024K, 22 young (22528K), 1 survivors (1024K)
 Metaspace       used 12145K, committed 12480K, reserved 1064960K
  class space    used 1654K, committed 1792K, reserved 1048576K
}
Event: 2.320 GC heap after
{Heap after GC invocations=3 (full 0):
 garbage-first heap   total 131072K, used 9766K [0x0000000081c00000, 0x0000000100000000)
  region size 1024K, 3 young (3072K), 3 survivors (3072K)
 Metaspace       used 12145K, committed 12480K, reserved 1064960K
  class space    used 1654K, committed 1792K, reserved 1048576K
}

Deoptimization events (2 events):
Event: 2.419 Thread 0x000001bd2fe452d0 DEOPT PACKING pc=0x000001bd37bcfb99 sp=0x00000009c8dfd200
Event: 2.419 Thread 0x000001bd2fe452d0 DEOPT UNPACKING pc=0x000001bd37712b43 sp=0x00000009c8dfc6e0 mode 3

Classes unloaded (0 events):
No events

Classes redefined (0 events):
No events

Internal exceptions (20 events):
Event: 1.974 Thread 0x000001bd42a976c0 Exception <a 'java/lang/reflect/InvocationTargetException'{0x00000000891708f0}> (0x00000000891708f0) 
thrown [s\open\src\hotspot\share\runtime\reflection.cpp, line 1121]
Event: 1.980 Thread 0x000001bd42a976c0 Exception <a 'java/lang/NoSuchMethodError'{0x000000008919b138}: static [Ljava/lang/StackTraceElement;.<clinit>()V> (0x000000008919b138) 
thrown [s\open\src\hotspot\share\prims\jni.cpp, line 1107]
Event: 2.033 Thread 0x000001bd2fe452d0 Exception <a 'java/lang/NoSuchMethodError'{0x00000000890c4a60}: 'int java.lang.invoke.DirectMethodHandle$Holder.invokeVirtual(java.lang.Object, java.lang.Object)'> (0x00000000890c4a60) 
thrown [s\open\src\hotspot\share\interpreter\linkResolver.cpp, line 759]
Event: 2.056 Thread 0x000001bd2fe452d0 Exception <a 'java/lang/NoSuchMethodError'{0x0000000088f877e0}: 'java.lang.Object java.lang.invoke.DirectMethodHandle$Holder.invokeSpecial(java.lang.Object, java.lang.Object, java.lang.Object, int, java.lang.Object)'> (0x0000000088f877e0) 
thrown [s\open\src\hotspot\share\interpreter\linkResolver.cpp, line 759]
Event: 2.057 Thread 0x000001bd2fe452d0 Exception <a 'java/lang/NoSuchMethodError'{0x0000000088f8fd48}: 'java.lang.Object java.lang.invoke.DirectMethodHandle$Holder.newInvokeSpecial(java.lang.Object, java.lang.Object, java.lang.Object, int, java.lang.Object)'> (0x0000000088f8fd48) 
thrown [s\open\src\hotspot\share\interpreter\linkResolver.cpp, line 759]
Event: 2.058 Thread 0x000001bd2fe452d0 Exception <a 'java/lang/NoSuchMethodError'{0x0000000088f97718}: 'java.lang.Object java.lang.invoke.Invokers$Holder.linkToTargetMethod(java.lang.Object, java.lang.Object, int, java.lang.Object, java.lang.Object)'> (0x0000000088f97718) 
thrown [s\open\src\hotspot\share\interpreter\linkResolver.cpp, line 759]
Event: 2.059 Thread 0x000001bd2fe452d0 Exception <a 'java/lang/NoSuchMethodError'{0x0000000088fa6648}: 'java.lang.Object java.lang.invoke.DirectMethodHandle$Holder.newInvokeSpecial(java.lang.Object, int, java.lang.Object)'> (0x0000000088fa6648) 
thrown [s\open\src\hotspot\share\interpreter\linkResolver.cpp, line 759]
Event: 2.060 Thread 0x000001bd2fe452d0 Exception <a 'java/lang/NoSuchMethodError'{0x0000000088faa618}: 'int java.lang.invoke.DirectMethodHandle$Holder.invokeSpecialIFC(java.lang.Object, java.lang.Object, java.lang.Object, java.lang.Object)'> (0x0000000088faa618) 
thrown [s\open\src\hotspot\share\interpreter\linkResolver.cpp, line 759]
Event: 2.086 Thread 0x000001bd2fe452d0 Exception <a 'java/lang/NoSuchMethodError'{0x0000000088e7e7f0}: 'void java.lang.invoke.DirectMethodHandle$Holder.invokeInterface(java.lang.Object, java.lang.Object, java.lang.Object)'> (0x0000000088e7e7f0) 
thrown [s\open\src\hotspot\share\interpreter\linkResolver.cpp, line 759]
Event: 2.139 Thread 0x000001bd2fe452d0 Exception <a 'java/lang/NoSuchMethodError'{0x0000000088dd38b0}: 'void java.lang.invoke.DirectMethodHandle$Holder.invokeStatic(java.lang.Object, java.lang.Object, int)'> (0x0000000088dd38b0) 
thrown [s\open\src\hotspot\share\interpreter\linkResolver.cpp, line 759]
Event: 2.141 Thread 0x000001bd2fe452d0 Exception <a 'java/lang/NoSuchMethodError'{0x0000000088ddb758}: 'void java.lang.invoke.DirectMethodHandle$Holder.invokeStaticInit(java.lang.Object, java.lang.Object)'> (0x0000000088ddb758) 
thrown [s\open\src\hotspot\share\interpreter\linkResolver.cpp, line 759]
Event: 2.143 Thread 0x000001bd2fe452d0 Exception <a 'java/lang/NoSuchMethodError'{0x0000000088decb70}: 'void java.lang.invoke.DirectMethodHandle$Holder.invokeStaticInit(java.lang.Object, java.lang.Object, java.lang.Object)'> (0x0000000088decb70) 
thrown [s\open\src\hotspot\share\interpreter\linkResolver.cpp, line 759]
Event: 2.149 Thread 0x000001bd2fe452d0 Exception <a 'java/lang/NoSuchMethodError'{0x0000000088c2a040}: 'java.lang.Object java.lang.invoke.DirectMethodHandle$Holder.invokeStatic(java.lang.Object, java.lang.Object, long, java.lang.Object)'> (0x0000000088c2a040) 
thrown [s\open\src\hotspot\share\interpreter\linkResolver.cpp, line 759]
Event: 2.150 Thread 0x000001bd2fe452d0 Exception <a 'java/lang/NoSuchMethodError'{0x0000000088c2dad8}: 'java.lang.Object java.lang.invoke.DirectMethodHandle$Holder.invokeStaticInit(java.lang.Object, java.lang.Object, long, java.lang.Object)'> (0x0000000088c2dad8) 
thrown [s\open\src\hotspot\share\interpreter\linkResolver.cpp, line 759]
Event: 2.150 Thread 0x000001bd2fe452d0 Exception <a 'java/lang/NoSuchMethodError'{0x0000000088c340e8}: 'java.lang.Object java.lang.invoke.DirectMethodHandle$Holder.newInvokeSpecial(java.lang.Object, java.lang.Object, long)'> (0x0000000088c340e8) 
thrown [s\open\src\hotspot\share\interpreter\linkResolver.cpp, line 759]
Event: 2.163 Thread 0x000001bd2fe452d0 Exception <a 'java/lang/NoSuchMethodError'{0x0000000088c86880}: 'void java.lang.invoke.DirectMethodHandle$Holder.invokeVirtual(java.lang.Object, java.lang.Object, java.lang.Object, java.lang.Object)'> (0x0000000088c86880) 
thrown [s\open\src\hotspot\share\interpreter\linkResolver.cpp, line 759]
Event: 2.225 Thread 0x000001bd2fe452d0 Exception <a 'java/lang/NoSuchMethodError'{0x0000000088befe58}: 'void java.lang.invoke.DirectMethodHandle$Holder.invokeSpecial(java.lang.Object, java.lang.Object, java.lang.Object)'> (0x0000000088befe58) 
thrown [s\open\src\hotspot\share\interpreter\linkResolver.cpp, line 759]
Event: 2.226 Thread 0x000001bd2fe452d0 Exception <a 'java/lang/NoSuchMethodError'{0x0000000088bf6430}: 'void java.lang.invoke.DirectMethodHandle$Holder.invokeSpecial(java.lang.Object, java.lang.Object, java.lang.Object, java.lang.Object, java.lang.Object)'> (0x0000000088bf6430) 
thrown [s\open\src\hotspot\share\interpreter\linkResolver.cpp, line 759]
Event: 2.235 Thread 0x000001bd2fe452d0 Exception <a 'java/lang/IncompatibleClassChangeError'{0x0000000088a22c98}: Found class java.lang.Object, but interface was expected> (0x0000000088a22c98) 
thrown [s\open\src\hotspot\share\interpreter\linkResolver.cpp, line 826]
Event: 2.502 Thread 0x000001bd42a976c0 Exception <a 'java/lang/reflect/InvocationTargetException'{0x000000008904b960}> (0x000000008904b960) 
thrown [s\open\src\hotspot\share\runtime\reflection.cpp, line 1121]

VM Operations (20 events):
Event: 1.294 Executing VM operation: G1CollectForAllocation
Event: 1.301 Executing VM operation: G1CollectForAllocation done
Event: 1.641 Executing VM operation: G1CollectForAllocation
Event: 1.646 Executing VM operation: G1CollectForAllocation done
Event: 1.674 Executing VM operation: HandshakeAllThreads
Event: 1.674 Executing VM operation: HandshakeAllThreads done
Event: 1.952 Executing VM operation: HandshakeAllThreads
Event: 1.952 Executing VM operation: HandshakeAllThreads done
Event: 2.029 Executing VM operation: HandshakeAllThreads
Event: 2.029 Executing VM operation: HandshakeAllThreads done
Event: 2.221 Executing VM operation: HandshakeAllThreads
Event: 2.221 Executing VM operation: HandshakeAllThreads done
Event: 2.315 Executing VM operation: G1CollectForAllocation
Event: 2.320 Executing VM operation: G1CollectForAllocation done
Event: 2.537 Executing VM operation: HandshakeAllThreads
Event: 2.537 Executing VM operation: HandshakeAllThreads done
Event: 2.583 Executing VM operation: HandshakeAllThreads
Event: 2.583 Executing VM operation: HandshakeAllThreads done
Event: 2.595 Executing VM operation: HandshakeAllThreads
Event: 2.595 Executing VM operation: HandshakeAllThreads done

Events (20 events):
Event: 2.571 loading class java/beans/IntrospectionException
Event: 2.571 loading class java/beans/IntrospectionException done
Event: 2.571 loading class java/beans/PropertyDescriptor
Event: 2.572 loading class java/beans/FeatureDescriptor
Event: 2.572 loading class java/beans/FeatureDescriptor done
Event: 2.572 loading class java/beans/PropertyDescriptor done
Event: 2.574 loading class java/beans/BeanInfo
Event: 2.574 loading class java/beans/BeanInfo done
Event: 2.579 loading class java/beans/MethodRef
Event: 2.579 loading class java/beans/MethodRef done
Event: 2.579 loading class java/beans/SimpleBeanInfo
Event: 2.580 loading class java/beans/SimpleBeanInfo done
Event: 2.581 loading class com/sun/beans/TypeResolver
Event: 2.582 loading class com/sun/beans/TypeResolver done
Event: 2.582 loading class com/sun/beans/WeakCache
Event: 2.582 loading class com/sun/beans/WeakCache done
Event: 2.582 loading class com/sun/beans/WildcardTypeImpl
Event: 2.583 loading class com/sun/beans/WildcardTypeImpl done
Event: 2.583 loading class java/util/AbstractList$ListItr
Event: 2.583 loading class java/util/AbstractList$ListItr done


Dynamic libraries:
0x00007ff6efdd0000 - 0x00007ff6efde0000 	C:\Program Files\Java\jdk-17\bin\java.exe
0x00007ffea7910000 - 0x00007ffea7b08000 	C:\Windows\SYSTEM32\ntdll.dll
0x00007ffea64e0000 - 0x00007ffea659d000 	C:\Windows\System32\KERNEL32.DLL
0x00007ffea52b0000 - 0x00007ffea55a6000 	C:\Windows\System32\KERNELBASE.dll
0x00007ffea5760000 - 0x00007ffea5860000 	C:\Windows\System32\ucrtbase.dll
0x00007ffe71e70000 - 0x00007ffe71e8b000 	C:\Program Files\Java\jdk-17\bin\VCRUNTIME140.dll
0x00007ffe71590000 - 0x00007ffe715a9000 	C:\Program Files\Java\jdk-17\bin\jli.dll
0x00007ffea7570000 - 0x00007ffea761e000 	C:\Windows\System32\ADVAPI32.dll
0x00007ffea7830000 - 0x00007ffea78ce000 	C:\Windows\System32\msvcrt.dll
0x00007ffea6c10000 - 0x00007ffea6cac000 	C:\Windows\System32\sechost.dll
0x00007ffea6700000 - 0x00007ffea6826000 	C:\Windows\System32\RPCRT4.dll
0x00007ffea6da0000 - 0x00007ffea6f3e000 	C:\Windows\System32\USER32.dll
0x00007ffea5940000 - 0x00007ffea5962000 	C:\Windows\System32\win32u.dll
0x00007ffea6120000 - 0x00007ffea614c000 	C:\Windows\System32\GDI32.dll
0x00007ffea5640000 - 0x00007ffea575a000 	C:\Windows\System32\gdi32full.dll
0x00007ffe92050000 - 0x00007ffe922ea000 	C:\Windows\WinSxS\amd64_microsoft.windows.common-controls_6595b64144ccf1df_6.0.19041.1110_none_60b5254171f9507e\COMCTL32.dll
0x00007ffea51c0000 - 0x00007ffea525d000 	C:\Windows\System32\msvcp_win.dll
0x00007ffe97e80000 - 0x00007ffe97e8a000 	C:\Windows\SYSTEM32\VERSION.dll
0x00007ffea7480000 - 0x00007ffea74b0000 	C:\Windows\System32\IMM32.DLL
0x00007ffe8bc40000 - 0x00007ffe8bc4c000 	C:\Program Files\Java\jdk-17\bin\vcruntime140_1.dll
0x00007ffe59340000 - 0x00007ffe593ce000 	C:\Program Files\Java\jdk-17\bin\msvcp140.dll
0x00007ffe52a70000 - 0x00007ffe5364d000 	C:\Program Files\Java\jdk-17\bin\server\jvm.dll
0x00007ffea7560000 - 0x00007ffea7568000 	C:\Windows\System32\PSAPI.DLL
0x00007ffe8f5b0000 - 0x00007ffe8f5b9000 	C:\Windows\SYSTEM32\WSOCK32.dll
0x00007ffea6630000 - 0x00007ffea669b000 	C:\Windows\System32\WS2_32.dll
0x00007ffe9d540000 - 0x00007ffe9d567000 	C:\Windows\SYSTEM32\WINMM.dll
0x00007ffea3810000 - 0x00007ffea3822000 	C:\Windows\SYSTEM32\kernel.appcore.dll
0x00007ffe8ac30000 - 0x00007ffe8ac3a000 	C:\Program Files\Java\jdk-17\bin\jimage.dll
0x00007ffea3520000 - 0x00007ffea3704000 	C:\Windows\SYSTEM32\DBGHELP.DLL
0x00007ffe9c9b0000 - 0x00007ffe9c9e4000 	C:\Windows\SYSTEM32\dbgcore.DLL
0x00007ffea55b0000 - 0x00007ffea5632000 	C:\Windows\System32\bcryptPrimitives.dll
0x00007ffe8e160000 - 0x00007ffe8e16e000 	C:\Program Files\Java\jdk-17\bin\instrument.dll
0x00007ffe76150000 - 0x00007ffe76175000 	C:\Program Files\Java\jdk-17\bin\java.dll
0x00007ffe59410000 - 0x00007ffe594e7000 	C:\Program Files\Java\jdk-17\bin\jsvml.dll
0x00007ffea59d0000 - 0x00007ffea6115000 	C:\Windows\System32\SHELL32.dll
0x00007ffea2cb0000 - 0x00007ffea344b000 	C:\Windows\SYSTEM32\windows.storage.dll
0x00007ffea6830000 - 0x00007ffea6b84000 	C:\Windows\System32\combase.dll
0x00007ffea4960000 - 0x00007ffea498e000 	C:\Windows\SYSTEM32\Wldp.dll
0x00007ffea74b0000 - 0x00007ffea755d000 	C:\Windows\System32\SHCORE.dll
0x00007ffea65d0000 - 0x00007ffea6625000 	C:\Windows\System32\shlwapi.dll
0x00007ffea4f20000 - 0x00007ffea4f45000 	C:\Windows\SYSTEM32\profapi.dll
0x00007ffe70ae0000 - 0x00007ffe70af8000 	C:\Program Files\Java\jdk-17\bin\zip.dll
0x00007ffe77990000 - 0x00007ffe779a9000 	C:\Program Files\Java\jdk-17\bin\net.dll
0x00007ffe928b0000 - 0x00007ffe929ba000 	C:\Windows\SYSTEM32\WINHTTP.dll
0x00007ffea46c0000 - 0x00007ffea472a000 	C:\Windows\system32\mswsock.dll
0x00007ffe73730000 - 0x00007ffe73746000 	C:\Program Files\Java\jdk-17\bin\nio.dll
0x00007ffe8e140000 - 0x00007ffe8e15a000 	C:\Program Files\JetBrains\IntelliJ IDEA 2023.2\bin\breakgen64.dll
0x00007ffea43f0000 - 0x00007ffea44ba000 	C:\Windows\SYSTEM32\DNSAPI.dll
0x00007ffea43b0000 - 0x00007ffea43eb000 	C:\Windows\SYSTEM32\IPHLPAPI.DLL
0x00007ffea65a0000 - 0x00007ffea65a8000 	C:\Windows\System32\NSI.dll
0x00007ffe90fa0000 - 0x00007ffe90faa000 	C:\Windows\System32\rasadhlp.dll
0x00007ffe91130000 - 0x00007ffe911b2000 	C:\Windows\System32\fwpuclnt.dll
0x00007ffea5860000 - 0x00007ffea5887000 	C:\Windows\System32\bcrypt.dll
0x00007ffe8e130000 - 0x00007ffe8e13a000 	C:\Program Files\Java\jdk-17\bin\management.dll
0x00007ffe8e120000 - 0x00007ffe8e12b000 	C:\Program Files\Java\jdk-17\bin\management_ext.dll
0x00007ffea48c0000 - 0x00007ffea48d8000 	C:\Windows\SYSTEM32\CRYPTSP.dll
0x00007ffea3fd0000 - 0x00007ffea4004000 	C:\Windows\system32\rsaenh.dll
0x00007ffea4ea0000 - 0x00007ffea4ece000 	C:\Windows\SYSTEM32\USERENV.dll
0x00007ffea48b0000 - 0x00007ffea48bc000 	C:\Windows\SYSTEM32\CRYPTBASE.dll
0x00007ffe97e60000 - 0x00007ffe97e77000 	C:\Windows\SYSTEM32\dhcpcsvc6.DLL
0x00007ffe97dd0000 - 0x00007ffe97ded000 	C:\Windows\SYSTEM32\dhcpcsvc.DLL
0x00007ffe791d0000 - 0x00007ffe791e7000 	C:\Windows\system32\napinsp.dll
0x00007ffe78ee0000 - 0x00007ffe78efb000 	C:\Windows\system32\pnrpnsp.dll
0x00007ffe7d150000 - 0x00007ffe7d165000 	C:\Windows\system32\wshbth.dll
0x00007ffea01c0000 - 0x00007ffea01dd000 	C:\Windows\system32\NLAapi.dll
0x00007ffe78aa0000 - 0x00007ffe78ab2000 	C:\Windows\System32\winrnr.dll
0x00007ffe86300000 - 0x00007ffe86310000 	C:\Program Files\Java\jdk-17\bin\verify.dll

dbghelp: loaded successfully - version: 4.0.5 - missing functions: none
symbol engine: initialized successfully - sym options: 0x614 - pdb path: .;C:\Program Files\Java\jdk-17\bin;C:\Windows\SYSTEM32;C:\Windows\WinSxS\amd64_microsoft.windows.common-controls_6595b64144ccf1df_6.0.19041.1110_none_60b5254171f9507e;C:\Program Files\Java\jdk-17\bin\server;C:\Program Files\JetBrains\IntelliJ IDEA 2023.2\bin

VM Arguments:
jvm_args: -XX:TieredStopAtLevel=1 -Dspring.output.ansi.enabled=always -Dcom.sun.management.jmxremote -Dspring.jmx.enabled=true -Dspring.liveBeansView.mbeanDomain -Dspring.application.admin.enabled=true -Dmanagement.endpoints.jmx.exposure.include=* -javaagent:C:\Program Files\JetBrains\IntelliJ IDEA 2023.2\lib\idea_rt.jar=56717:C:\Program Files\JetBrains\IntelliJ IDEA 2023.2\bin -Dfile.encoding=UTF-8 
java_command: ma.salah.gestion_de_stock_backend.GestionDeStockBackendApplication
java_class_path (initial): C:\Users\Salah\IdeaProjects\gestion_de_stock_backend\target\classes;C:\Users\Salah\.m2\repository\org\springframework\boot\spring-boot-starter-data-jpa\3.1.4\spring-boot-starter-data-jpa-3.1.4.jar;C:\Users\Salah\.m2\repository\org\springframework\boot\spring-boot-starter-aop\3.1.4\spring-boot-starter-aop-3.1.4.jar;C:\Users\Salah\.m2\repository\org\aspectj\aspectjweaver\1.9.20\aspectjweaver-1.9.20.jar;C:\Users\Salah\.m2\repository\org\springframework\boot\spring-boot-starter-jdbc\3.1.4\spring-boot-starter-jdbc-3.1.4.jar;C:\Users\Salah\.m2\repository\com\zaxxer\HikariCP\5.0.1\HikariCP-5.0.1.jar;C:\Users\Salah\.m2\repository\org\springframework\spring-jdbc\6.0.12\spring-jdbc-6.0.12.jar;C:\Users\Salah\.m2\repository\org\hibernate\orm\hibernate-core\6.2.9.Final\hibernate-core-6.2.9.Final.jar;C:\Users\Salah\.m2\repository\jakarta\persistence\jakarta.persistence-api\3.1.0\jakarta.persistence-api-3.1.0.jar;C:\Users\Salah\.m2\repository\jakarta\transaction\jakarta.transaction-api\2.0.1\jakarta.transaction-api-2.0.1.jar;C:\Users\Salah\.m2\repository\org\jboss\logging\jboss-logging\3.5.3.Final\jboss-logging-3.5.3.Final.jar;C:\Users\Salah\.m2\repository\org\hibernate\common\hibernate-commons-annotations\6.0.6.Final\hibernate-commons-annotations-6.0.6.Final.jar;C:\Users\Salah\.m2\repository\io\smallrye\jandex\3.0.5\jandex-3.0.5.jar;C:\Users\Salah\.m2\repository\com\fasterxml\classmate\1.5.1\classmate-1.5.1.jar;C:\Users\Salah\.m2\repository\net\bytebuddy\byte-buddy\1.14.8\byte-buddy-1.14.8.jar;C:\Users\Salah\.m2\repository\org\glassfish\jaxb\jaxb-runtime\4.0.3\jaxb-runtime-4.0.3.jar;C:\Users\Salah\.m2\repository\org\glassfish\jaxb\jaxb-core\4.0.3\jaxb-core-4.0.3.jar;C:\Users\Salah\.m2\repository\org\eclipse\angus\angus-activation\2.0.1\angus-activation-2.0.1.jar;C:\Users\Salah\.m2\repository\org\glassfish\jaxb\txw2\4.0.3\txw2-4.0.3.jar;C:\Users\Salah\.m2\repository\com\sun\istack\istack-commons-runtime\4.1.2\istack-commons-runtime-4.1.2.jar;C:\Users\S
Launcher Type: SUN_STANDARD

[Global flags]
     intx CICompilerCount                          = 3                                         {product} {ergonomic}
     uint ConcGCThreads                            = 1                                         {product} {ergonomic}
     uint G1ConcRefinementThreads                  = 4                                         {product} {ergonomic}
   size_t G1HeapRegionSize                         = 1048576                                   {product} {ergonomic}
    uintx GCDrainStackTargetSize                   = 64                                        {product} {ergonomic}
   size_t InitialHeapSize                          = 134217728                                 {product} {ergonomic}
     bool ManagementServer                         = true                                      {product} {command line}
   size_t MarkStackSize                            = 4194304                                   {product} {ergonomic}
   size_t MaxHeapSize                              = 2118123520                                {product} {ergonomic}
   size_t MaxNewSize                               = 1270874112                                {product} {ergonomic}
   size_t MinHeapDeltaBytes                        = 1048576                                   {product} {ergonomic}
   size_t MinHeapSize                              = 8388608                                   {product} {ergonomic}
    uintx NonProfiledCodeHeapSize                  = 0                                      {pd product} {ergonomic}
     bool ProfileInterpreter                       = false                                  {pd product} {command line}
    uintx ProfiledCodeHeapSize                     = 0                                      {pd product} {ergonomic}
   size_t SoftMaxHeapSize                          = 2118123520                             {manageable} {ergonomic}
     intx TieredStopAtLevel                        = 1                                         {product} {command line}
     bool UseCompressedClassPointers               = true                           {product lp64_product} {ergonomic}
     bool UseCompressedOops                        = true                           {product lp64_product} {ergonomic}
     bool UseG1GC                                  = true                                      {product} {ergonomic}
     bool UseLargePagesIndividualAllocation        = false                                  {pd product} {ergonomic}

Logging:
Log output configuration:
 #0: stdout all=warning uptime,level,tags
 #1: stderr all=off uptime,level,tags

Environment Variables:
PATH=C:\Program Files\Common Files\Oracle\Java\javapath;C:\Windows\system32;C:\Windows;C:\Windows\System32\Wbem;C:\Windows\System32\WindowsPowerShell\v1.0\;C:\Windows\System32\OpenSSH\;C:\Tools\apache-maven-3.9.3\bin;C:\Program Files\Java\jdk-17\bin;C:\Program Files\Git\cmd;C:\Program Files\nodejs\;C:\Users\Salah\AppData\Local\Microsoft\WindowsApps;C:\Program Files\JetBrains\IntelliJ IDEA Community Edition 2023.1.3\bin;;C:\Program Files\JetBrains\IntelliJ IDEA 232.8296.17\bin;;C:\Tools\apache-maven-3.9.3\bin;C:\Users\Salah\AppData\Local\Programs\Microsoft VS Code\bin;C:\Users\Salah\AppData\Roaming\npm
USERNAME=Salah
OS=Windows_NT
PROCESSOR_IDENTIFIER=Intel64 Family 6 Model 142 Stepping 9, GenuineIntel



---------------  S Y S T E M  ---------------

OS:
 Windows 10 , 64 bit Build 19041 (10.0.19041.3393)
OS uptime: 0 days 16:44 hours

CPU: total 4 (initial active 4) (2 cores per cpu, 2 threads per core) family 6 model 142 stepping 9 microcode 0xf0, cx8, cmov, fxsr, ht, mmx, 3dnowpref, sse, sse2, sse3, ssse3, sse4.1, sse4.2, popcnt, lzcnt, tsc, tscinvbit, avx, avx2, aes, erms, clmul, bmi1, bmi2, rtm, adx, fma, vzeroupper, clflush, clflushopt

Memory: 4k page, system-wide physical 8073M (1290M free)
TotalPageFile size 9883M (AvailPageFile size 3M)
current process WorkingSet (physical memory assigned to process): 95M, peak: 95M
current process commit charge ("private bytes"): 229M, peak: 229M

vm_info: Java HotSpot(TM) 64-Bit Server VM (17.0.7+8-LTS-224) for windows-amd64 JRE (17.0.7+8-LTS-224), built on Feb 28 2023 23:03:02 by "mach5one" with MS VC++ 17.1 (VS2022)

END.
