#
# There is insufficient memory for the Java Runtime Environment to continue.
# Native memory allocation (mmap) failed to map 22020096 bytes for G1 virtual space
# Possible reasons:
#   The system is out of physical RAM or swap space
#   The process is running with CompressedOops enabled, and the Java Heap may be blocking the growth of the native heap
# Possible solutions:
#   Reduce memory load on the system
#   Increase physical memory or swap space
#   Check if swap backing store is full
#   Decrease Java heap size (-Xmx/-Xms)
#   Decrease number of Java threads
#   Decrease Java thread stack sizes (-Xss)
#   Set larger code cache with -XX:ReservedCodeCacheSize=
#   JVM is running with Unscaled Compressed Oops mode in which the Java heap is
#     placed in the first 4GB address space. The Java Heap base address is the
#     maximum limit for the native heap growth. Please use -XX:HeapBaseMinAddress
#     to set the Java Heap base and to place the Java Heap above 4GB virtual address.
# This output file may be truncated or incomplete.
#
#  Out of Memory Error (os_windows.cpp:3550), pid=5480, tid=252
#
# JRE version: Java(TM) SE Runtime Environment (17.0.7+8) (build 17.0.7+8-LTS-224)
# Java VM: Java HotSpot(TM) 64-Bit Server VM (17.0.7+8-LTS-224, mixed mode, emulated-client, sharing, tiered, compressed oops, compressed class ptrs, g1 gc, windows-amd64)
# No core dump will be written. Minidumps are not enabled by default on client versions of Windows
#

---------------  S U M M A R Y ------------

Command Line: -XX:TieredStopAtLevel=1 -Dspring.output.ansi.enabled=always -Dcom.sun.management.jmxremote -Dspring.jmx.enabled=true -Dspring.liveBeansView.mbeanDomain -Dspring.application.admin.enabled=true -Dmanagement.endpoints.jmx.exposure.include=* -javaagent:C:\Program Files\JetBrains\IntelliJ IDEA 2023.2\lib\idea_rt.jar=65019:C:\Program Files\JetBrains\IntelliJ IDEA 2023.2\bin -Dfile.encoding=UTF-8 ma.salah.gestion_de_stock_backend.GestionDeStockBackendApplication

Host: Intel(R) Core(TM) i5-7300U CPU @ 2.60GHz, 4 cores, 7G,  Windows 10 , 64 bit Build 19041 (10.0.19041.3393)
Time: Sun Sep 24 19:05:54 2023 Morocco Summer Time elapsed time: 10.452385 seconds (0d 0h 0m 10s)

---------------  T H R E A D  ---------------

Current thread (0x000001c6fe77abd0):  VMThread "VM Thread" [stack: 0x0000000849e00000,0x0000000849f00000] [id=252]

Stack: [0x0000000849e00000,0x0000000849f00000]
Native frames: (J=compiled Java code, j=interpreted, Vv=VM code, C=native code)
V  [jvm.dll+0x676a4a]
V  [jvm.dll+0x7d74f4]
V  [jvm.dll+0x7d8c9e]
V  [jvm.dll+0x7d9303]
V  [jvm.dll+0x2452c5]
V  [jvm.dll+0x6738f9]
V  [jvm.dll+0x668232]
V  [jvm.dll+0x302826]
V  [jvm.dll+0x309da6]
V  [jvm.dll+0x35952e]
V  [jvm.dll+0x35975f]
V  [jvm.dll+0x2d9a38]
V  [jvm.dll+0x2dcad6]
V  [jvm.dll+0x2e72d8]
V  [jvm.dll+0x31ad30]
V  [jvm.dll+0x7ddb0b]
V  [jvm.dll+0x7de844]
V  [jvm.dll+0x7ded5d]
V  [jvm.dll+0x7df134]
V  [jvm.dll+0x7df200]
V  [jvm.dll+0x78759a]
V  [jvm.dll+0x675875]
C  [ucrtbase.dll+0x21bb2]
C  [KERNEL32.DLL+0x17344]
C  [ntdll.dll+0x526b1]

VM_Operation (0x0000000849aff8d0): G1Concurrent, mode: safepoint, requested by thread 0x000001c6f1169ff0


---------------  P R O C E S S  ---------------

Threads class SMR info:
_java_thread_list=0x000001c687c88ff0, length=32, elements={
0x000001c6f11002e0, 0x000001c6fe77f030, 0x000001c6fe780640, 0x000001c6fe792e40,
0x000001c6fe793900, 0x000001c6fe796a60, 0x000001c6fe797410, 0x000001c6fe7985e0,
0x000001c6fe79dfd0, 0x000001c6fe81e400, 0x000001c6fe765350, 0x000001c6ff465020,
0x000001c6ff8d3830, 0x000001c6ff8d7530, 0x000001c6ffa22cd0, 0x000001c6ffdfc070,
0x000001c6ffedf220, 0x000001c685216f30, 0x000001c68547d3e0, 0x000001c6853cd320,
0x000001c68529e070, 0x000001c68529e540, 0x000001c68529f3b0, 0x000001c68529ea10,
0x000001c6879d0ed0, 0x000001c6879d3080, 0x000001c6879d3550, 0x000001c6879d13a0,
0x000001c6879d2210, 0x000001c6879d1870, 0x000001c6879d0530, 0x000001c6879d3a20
}

Java Threads: ( => current thread )
  0x000001c6f11002e0 JavaThread "main" [_thread_blocked, id=9220, stack(0x0000000849800000,0x0000000849900000)]
  0x000001c6fe77f030 JavaThread "Reference Handler" daemon [_thread_blocked, id=9984, stack(0x0000000849f00000,0x000000084a000000)]
  0x000001c6fe780640 JavaThread "Finalizer" daemon [_thread_blocked, id=6316, stack(0x000000084a000000,0x000000084a100000)]
  0x000001c6fe792e40 JavaThread "Signal Dispatcher" daemon [_thread_blocked, id=3784, stack(0x000000084a100000,0x000000084a200000)]
  0x000001c6fe793900 JavaThread "Attach Listener" daemon [_thread_blocked, id=3368, stack(0x000000084a200000,0x000000084a300000)]
  0x000001c6fe796a60 JavaThread "Service Thread" daemon [_thread_blocked, id=2024, stack(0x000000084a300000,0x000000084a400000)]
  0x000001c6fe797410 JavaThread "Monitor Deflation Thread" daemon [_thread_blocked, id=10904, stack(0x000000084a400000,0x000000084a500000)]
  0x000001c6fe7985e0 JavaThread "C1 CompilerThread0" daemon [_thread_blocked, id=5540, stack(0x000000084a500000,0x000000084a600000)]
  0x000001c6fe79dfd0 JavaThread "Sweeper thread" daemon [_thread_blocked, id=2472, stack(0x000000084a600000,0x000000084a700000)]
  0x000001c6fe81e400 JavaThread "Common-Cleaner" daemon [_thread_blocked, id=8288, stack(0x000000084a700000,0x000000084a800000)]
  0x000001c6fe765350 JavaThread "C1 CompilerThread1" daemon [_thread_blocked, id=5852, stack(0x000000084a800000,0x000000084a900000)]
  0x000001c6ff465020 JavaThread "C1 CompilerThread2" daemon [_thread_blocked, id=9860, stack(0x000000084a900000,0x000000084aa00000)]
  0x000001c6ff8d3830 JavaThread "Monitor Ctrl-Break" daemon [_thread_in_native, id=3068, stack(0x000000084aa00000,0x000000084ab00000)]
  0x000001c6ff8d7530 JavaThread "Notification Thread" daemon [_thread_blocked, id=3688, stack(0x000000084ab00000,0x000000084ac00000)]
  0x000001c6ffa22cd0 JavaThread "RMI TCP Accept-0" daemon [_thread_in_native, id=1228, stack(0x000000084ac00000,0x000000084ad00000)]
  0x000001c6ffdfc070 JavaThread "RMI TCP Connection(2)-192.168.1.5" daemon [_thread_in_native, id=10248, stack(0x000000084b300000,0x000000084b400000)]
  0x000001c6ffedf220 JavaThread "RMI Scheduler(0)" daemon [_thread_blocked, id=6208, stack(0x000000084b400000,0x000000084b500000)]
  0x000001c685216f30 JavaThread "RMI TCP Connection(3)-192.168.1.5" daemon [_thread_in_native, id=3956, stack(0x000000084b500000,0x000000084b600000)]
  0x000001c68547d3e0 JavaThread "Catalina-utility-1" [_thread_blocked, id=3052, stack(0x000000084b600000,0x000000084b700000)]
  0x000001c6853cd320 JavaThread "Catalina-utility-2" [_thread_blocked, id=10656, stack(0x000000084b700000,0x000000084b800000)]
  0x000001c68529e070 JavaThread "container-0" [_thread_blocked, id=7608, stack(0x000000084b800000,0x000000084b900000)]
  0x000001c68529e540 JavaThread "mysql-cj-abandoned-connection-cleanup" daemon [_thread_blocked, id=972, stack(0x000000084b900000,0x000000084ba00000)]
  0x000001c68529f3b0 JavaThread "HikariPool-1 housekeeper" daemon [_thread_blocked, id=10172, stack(0x000000084bb00000,0x000000084bc00000)]
  0x000001c68529ea10 JavaThread "HikariPool-1 connection adder" daemon [_thread_blocked, id=7324, stack(0x000000084bc00000,0x000000084bd00000)]
  0x000001c6879d0ed0 JavaThread "ClassGraph-worker-32" daemon [_thread_blocked, id=9848, stack(0x000000084bd00000,0x000000084be00000)]
  0x000001c6879d3080 JavaThread "ClassGraph-worker-33" daemon [_thread_blocked, id=5328, stack(0x000000084be00000,0x000000084bf00000)]
  0x000001c6879d3550 JavaThread "ClassGraph-worker-34" daemon [_thread_blocked, id=924, stack(0x000000084bf00000,0x000000084c000000)]
  0x000001c6879d13a0 JavaThread "ClassGraph-worker-35" daemon [_thread_blocked, id=10836, stack(0x000000084c000000,0x000000084c100000)]
  0x000001c6879d2210 JavaThread "ClassGraph-worker-36" daemon [_thread_blocked, id=7440, stack(0x000000084c100000,0x000000084c200000)]
  0x000001c6879d1870 JavaThread "ClassGraph-worker-37" daemon [_thread_blocked, id=9448, stack(0x000000084c200000,0x000000084c300000)]
  0x000001c6879d0530 JavaThread "ClassGraph-worker-38" daemon [_thread_blocked, id=4324, stack(0x000000084c300000,0x000000084c400000)]
  0x000001c6879d3a20 JavaThread "ClassGraph-worker-39" daemon [_thread_blocked, id=4140, stack(0x000000084c400000,0x000000084c500000)]

Other Threads:
=>0x000001c6fe77abd0 VMThread "VM Thread" [stack: 0x0000000849e00000,0x0000000849f00000] [id=252]
  0x000001c6ffa33a00 WatcherThread [stack: 0x000000084ad00000,0x000000084ae00000] [id=1928]
  0x000001c6f1159430 GCTaskThread "GC Thread#0" [stack: 0x0000000849900000,0x0000000849a00000] [id=548]
  0x000001c6fface2f0 GCTaskThread "GC Thread#1" [stack: 0x000000084ae00000,0x000000084af00000] [id=7540]
  0x000001c6ffa85a20 GCTaskThread "GC Thread#2" [stack: 0x000000084af00000,0x000000084b000000] [id=2432]
  0x000001c6ffb234c0 GCTaskThread "GC Thread#3" [stack: 0x000000084b000000,0x000000084b100000] [id=8116]
  0x000001c6f1169ff0 ConcurrentGCThread "G1 Main Marker" [stack: 0x0000000849a00000,0x0000000849b00000] [id=10520]
  0x000001c6f116aa00 ConcurrentGCThread "G1 Conc#0" [stack: 0x0000000849b00000,0x0000000849c00000] [id=1880]
  0x000001c6f11c1280 ConcurrentGCThread "G1 Refine#0" [stack: 0x0000000849c00000,0x0000000849d00000] [id=10620]
  0x000001c6ffb23770 ConcurrentGCThread "G1 Refine#1" [stack: 0x000000084b100000,0x000000084b200000] [id=1332]
  0x000001c6ffb11770 ConcurrentGCThread "G1 Refine#2" [stack: 0x000000084b200000,0x000000084b300000] [id=9032]
  0x000001c6f11c1ca0 ConcurrentGCThread "G1 Service" [stack: 0x0000000849d00000,0x0000000849e00000] [id=2812]

Threads with active compile tasks:

VM state: at safepoint (normal execution)

VM Mutex/Monitor currently owned by a thread:  ([mutex/lock_event])
[0x000001c6f10fc9f0] Threads_lock - owner thread: 0x000001c6fe77abd0
[0x000001c6f10fcba0] Heap_lock - owner thread: 0x000001c6f1169ff0

Heap address: 0x0000000081c00000, size: 2020 MB, Compressed Oops mode: 32-bit

CDS archive(s) mapped at: [0x0000000800000000-0x0000000800bd0000-0x0000000800bd0000), size 12386304, SharedBaseAddress: 0x0000000800000000, ArchiveRelocationMode: 0.
Compressed class space mapped at: 0x0000000800c00000-0x0000000840c00000, reserved size: 1073741824
Narrow klass base: 0x0000000800000000, Narrow klass shift: 0, Narrow klass range: 0x100000000

GC Precious Log:
 CPUs: 4 total, 4 available
 Memory: 8073M
 Large Page Support: Disabled
 NUMA Support: Disabled
 Compressed Oops: Enabled (32-bit)
 Heap Region Size: 1M
 Heap Min Capacity: 8M
 Heap Initial Capacity: 128M
 Heap Max Capacity: 2020M
 Pre-touch: Disabled
 Parallel Workers: 4
 Concurrent Workers: 1
 Concurrent Refinement Workers: 4
 Periodic GC: Disabled

Heap:
 garbage-first heap   total 105472K, used 73278K [0x0000000081c00000, 0x0000000100000000)
  region size 1024K, 18 young (18432K), 3 survivors (3072K)
 Metaspace       used 67155K, committed 67840K, reserved 1114112K
  class space    used 9779K, committed 10112K, reserved 1048576K

Heap Regions: E=young(eden), S=young(survivor), O=old, HS=humongous(starts), HC=humongous(continues), CS=collection set, F=free, OA=open archive, CA=closed archive, TAMS=top-at-mark-start (previous, next)
|   0|0x0000000081c00000, 0x0000000081d00000, 0x0000000081d00000|100%|HS|  |TAMS 0x0000000081d00000, 0x0000000081c00000| Complete 
|   1|0x0000000081d00000, 0x0000000081e00000, 0x0000000081e00000|100%| O|  |TAMS 0x0000000081e00000, 0x0000000081d00000| Updating 
|   2|0x0000000081e00000, 0x0000000081f00000, 0x0000000081f00000|100%| O|  |TAMS 0x0000000081f00000, 0x0000000081e00000| Untracked 
|   3|0x0000000081f00000, 0x0000000082000000, 0x0000000082000000|100%| O|  |TAMS 0x0000000082000000, 0x0000000081f00000| Untracked 
|   4|0x0000000082000000, 0x0000000082100000, 0x0000000082100000|100%| O|  |TAMS 0x0000000082100000, 0x0000000082000000| Untracked 
|   5|0x0000000082100000, 0x0000000082200000, 0x0000000082200000|100%| O|  |TAMS 0x0000000082200000, 0x0000000082100000| Untracked 
|   6|0x0000000082200000, 0x00000000822ee600, 0x0000000082300000| 93%| O|  |TAMS 0x00000000822ee600, 0x0000000082200000| Updating 
|   7|0x0000000082300000, 0x0000000082400000, 0x0000000082400000|100%| O|  |TAMS 0x0000000082400000, 0x0000000082300000| Untracked 
|   8|0x0000000082400000, 0x0000000082500000, 0x0000000082500000|100%| O|  |TAMS 0x0000000082500000, 0x0000000082400000| Untracked 
|   9|0x0000000082500000, 0x0000000082600000, 0x0000000082600000|100%| O|  |TAMS 0x0000000082600000, 0x0000000082500000| Untracked 
|  10|0x0000000082600000, 0x0000000082700000, 0x0000000082700000|100%| O|  |TAMS 0x0000000082700000, 0x0000000082600000| Untracked 
|  11|0x0000000082700000, 0x0000000082800000, 0x0000000082800000|100%| O|  |TAMS 0x0000000082800000, 0x0000000082700000| Untracked 
|  12|0x0000000082800000, 0x0000000082900000, 0x0000000082900000|100%| O|  |TAMS 0x0000000082900000, 0x0000000082800000| Untracked 
|  13|0x0000000082900000, 0x0000000082a00000, 0x0000000082a00000|100%| O|  |TAMS 0x0000000082a00000, 0x0000000082900000| Untracked 
|  14|0x0000000082a00000, 0x0000000082b00000, 0x0000000082b00000|100%| O|  |TAMS 0x0000000082b00000, 0x0000000082a00000| Updating 
|  15|0x0000000082b00000, 0x0000000082c00000, 0x0000000082c00000|100%| O|  |TAMS 0x0000000082c00000, 0x0000000082b00000| Untracked 
|  16|0x0000000082c00000, 0x0000000082d00000, 0x0000000082d00000|100%| O|  |TAMS 0x0000000082d00000, 0x0000000082c00000| Updating 
|  17|0x0000000082d00000, 0x0000000082e00000, 0x0000000082e00000|100%| O|  |TAMS 0x0000000082e00000, 0x0000000082d00000| Untracked 
|  18|0x0000000082e00000, 0x0000000082f00000, 0x0000000082f00000|100%| O|  |TAMS 0x0000000082f00000, 0x0000000082e00000| Untracked 
|  19|0x0000000082f00000, 0x0000000083000000, 0x0000000083000000|100%| O|  |TAMS 0x0000000083000000, 0x0000000082f00000| Untracked 
|  20|0x0000000083000000, 0x0000000083100000, 0x0000000083100000|100%| O|  |TAMS 0x0000000083100000, 0x0000000083000000| Untracked 
|  21|0x0000000083100000, 0x0000000083200000, 0x0000000083200000|100%| O|  |TAMS 0x0000000083200000, 0x0000000083100000| Updating 
|  22|0x0000000083200000, 0x0000000083300000, 0x0000000083300000|100%| O|  |TAMS 0x0000000083300000, 0x0000000083200000| Untracked 
|  23|0x0000000083300000, 0x0000000083400000, 0x0000000083400000|100%| O|  |TAMS 0x0000000083400000, 0x0000000083300000| Untracked 
|  24|0x0000000083400000, 0x0000000083500000, 0x0000000083500000|100%| O|  |TAMS 0x0000000083500000, 0x0000000083400000| Untracked 
|  25|0x0000000083500000, 0x0000000083600000, 0x0000000083600000|100%| O|  |TAMS 0x0000000083600000, 0x0000000083500000| Untracked 
|  26|0x0000000083600000, 0x0000000083700000, 0x0000000083700000|100%| O|  |TAMS 0x0000000083700000, 0x0000000083600000| Untracked 
|  27|0x0000000083700000, 0x0000000083800000, 0x0000000083800000|100%| O|  |TAMS 0x0000000083800000, 0x0000000083700000| Untracked 
|  28|0x0000000083800000, 0x0000000083900000, 0x0000000083900000|100%| O|  |TAMS 0x0000000083900000, 0x0000000083800000| Untracked 
|  29|0x0000000083900000, 0x0000000083a00000, 0x0000000083a00000|100%| O|  |TAMS 0x0000000083a00000, 0x0000000083900000| Untracked 
|  30|0x0000000083a00000, 0x0000000083b00000, 0x0000000083b00000|100%| O|  |TAMS 0x0000000083b00000, 0x0000000083a00000| Untracked 
|  31|0x0000000083b00000, 0x0000000083c00000, 0x0000000083c00000|100%| O|  |TAMS 0x0000000083c00000, 0x0000000083b00000| Updating 
|  32|0x0000000083c00000, 0x0000000083d00000, 0x0000000083d00000|100%| O|  |TAMS 0x0000000083d00000, 0x0000000083c00000| Untracked 
|  33|0x0000000083d00000, 0x0000000083e00000, 0x0000000083e00000|100%| O|  |TAMS 0x0000000083e00000, 0x0000000083d00000| Updating 
|  34|0x0000000083e00000, 0x0000000083f00000, 0x0000000083f00000|100%| O|  |TAMS 0x0000000083f00000, 0x0000000083e00000| Untracked 
|  35|0x0000000083f00000, 0x0000000084000000, 0x0000000084000000|100%| O|  |TAMS 0x0000000084000000, 0x0000000083f00000| Updating 
|  36|0x0000000084000000, 0x0000000084100000, 0x0000000084100000|100%| O|  |TAMS 0x0000000084100000, 0x0000000084000000| Untracked 
|  37|0x0000000084100000, 0x0000000084200000, 0x0000000084200000|100%| O|  |TAMS 0x0000000084200000, 0x0000000084100000| Updating 
|  38|0x0000000084200000, 0x0000000084300000, 0x0000000084300000|100%| O|  |TAMS 0x0000000084300000, 0x0000000084200000| Updating 
|  39|0x0000000084300000, 0x0000000084300000, 0x0000000084400000|  0%| F|  |TAMS 0x0000000084300000, 0x0000000084300000| Untracked 
|  40|0x0000000084400000, 0x0000000084400000, 0x0000000084500000|  0%| F|  |TAMS 0x0000000084400000, 0x0000000084400000| Untracked 
|  41|0x0000000084500000, 0x0000000084600000, 0x0000000084600000|100%| O|  |TAMS 0x0000000084600000, 0x0000000084500000| Updating 
|  42|0x0000000084600000, 0x0000000084700000, 0x0000000084700000|100%| O|  |TAMS 0x0000000084700000, 0x0000000084600000| Updating 
|  43|0x0000000084700000, 0x0000000084800000, 0x0000000084800000|100%| O|  |TAMS 0x0000000084800000, 0x0000000084700000| Updating 
|  44|0x0000000084800000, 0x0000000084800000, 0x0000000084900000|  0%| F|  |TAMS 0x0000000084800000, 0x0000000084800000| Untracked 
|  45|0x0000000084900000, 0x0000000084a00000, 0x0000000084a00000|100%| O|  |TAMS 0x0000000084900000, 0x0000000084900000| Untracked 
|  46|0x0000000084a00000, 0x0000000084b00000, 0x0000000084b00000|100%| O|  |TAMS 0x0000000084b00000, 0x0000000084a00000| Updating 
|  47|0x0000000084b00000, 0x0000000084c00000, 0x0000000084c00000|100%| O|  |TAMS 0x0000000084c00000, 0x0000000084b00000| Updating 
|  48|0x0000000084c00000, 0x0000000084d00000, 0x0000000084d00000|100%| O|  |TAMS 0x0000000084d00000, 0x0000000084c00000| Updating 
|  49|0x0000000084d00000, 0x0000000084e00000, 0x0000000084e00000|100%| O|  |TAMS 0x0000000084e00000, 0x0000000084d00000| Untracked 
|  50|0x0000000084e00000, 0x0000000084f00000, 0x0000000084f00000|100%| O|  |TAMS 0x0000000084f00000, 0x0000000084e00000| Updating 
|  51|0x0000000084f00000, 0x0000000085000000, 0x0000000085000000|100%| O|  |TAMS 0x0000000084f77600, 0x0000000084f00000| Updating 
|  52|0x0000000085000000, 0x0000000085100000, 0x0000000085100000|100%| O|  |TAMS 0x0000000085000000, 0x0000000085000000| Untracked 
|  53|0x0000000085100000, 0x0000000085200000, 0x0000000085200000|100%| O|  |TAMS 0x0000000085100000, 0x0000000085100000| Untracked 
|  54|0x0000000085200000, 0x0000000085300000, 0x0000000085300000|100%| O|  |TAMS 0x0000000085200000, 0x0000000085200000| Untracked 
|  55|0x0000000085300000, 0x0000000085300000, 0x0000000085400000|  0%| F|  |TAMS 0x0000000085300000, 0x0000000085300000| Untracked 
|  56|0x0000000085400000, 0x0000000085500000, 0x0000000085500000|100%| O|  |TAMS 0x0000000085400000, 0x0000000085400000| Untracked 
|  57|0x0000000085500000, 0x0000000085600000, 0x0000000085600000|100%| O|  |TAMS 0x0000000085500000, 0x0000000085500000| Untracked 
|  58|0x0000000085600000, 0x0000000085700000, 0x0000000085700000|100%| O|  |TAMS 0x0000000085600000, 0x0000000085600000| Untracked 
|  59|0x0000000085700000, 0x00000000857a1400, 0x0000000085800000| 62%| O|  |TAMS 0x0000000085700000, 0x0000000085700000| Updating 
|  60|0x0000000085800000, 0x0000000085800000, 0x0000000085900000|  0%| F|  |TAMS 0x0000000085800000, 0x0000000085800000| Untracked 
|  61|0x0000000085900000, 0x0000000085900000, 0x0000000085a00000|  0%| F|  |TAMS 0x0000000085900000, 0x0000000085900000| Untracked 
|  62|0x0000000085a00000, 0x0000000085a00000, 0x0000000085b00000|  0%| F|  |TAMS 0x0000000085a00000, 0x0000000085a00000| Untracked 
|  63|0x0000000085b00000, 0x0000000085b00000, 0x0000000085c00000|  0%| F|  |TAMS 0x0000000085b00000, 0x0000000085b00000| Untracked 
|  64|0x0000000085c00000, 0x0000000085c00000, 0x0000000085d00000|  0%| F|  |TAMS 0x0000000085c00000, 0x0000000085c00000| Untracked 
|  65|0x0000000085d00000, 0x0000000085d00000, 0x0000000085e00000|  0%| F|  |TAMS 0x0000000085d00000, 0x0000000085d00000| Untracked 
|  66|0x0000000085e00000, 0x0000000085e00000, 0x0000000085f00000|  0%| F|  |TAMS 0x0000000085e00000, 0x0000000085e00000| Untracked 
|  67|0x0000000085f00000, 0x0000000085f00000, 0x0000000086000000|  0%| F|  |TAMS 0x0000000085f00000, 0x0000000085f00000| Untracked 
|  68|0x0000000086000000, 0x0000000086000000, 0x0000000086100000|  0%| F|  |TAMS 0x0000000086000000, 0x0000000086000000| Untracked 
|  69|0x0000000086100000, 0x0000000086100000, 0x0000000086200000|  0%| F|  |TAMS 0x0000000086100000, 0x0000000086100000| Untracked 
|  70|0x0000000086200000, 0x0000000086200000, 0x0000000086300000|  0%| F|  |TAMS 0x0000000086200000, 0x0000000086200000| Untracked 
|  71|0x0000000086300000, 0x0000000086300000, 0x0000000086400000|  0%| F|  |TAMS 0x0000000086300000, 0x0000000086300000| Untracked 
|  72|0x0000000086400000, 0x0000000086400000, 0x0000000086500000|  0%| F|  |TAMS 0x0000000086400000, 0x0000000086400000| Untracked 
|  73|0x0000000086500000, 0x0000000086500000, 0x0000000086600000|  0%| F|  |TAMS 0x0000000086500000, 0x0000000086500000| Untracked 
|  74|0x0000000086600000, 0x0000000086600000, 0x0000000086700000|  0%| F|  |TAMS 0x0000000086600000, 0x0000000086600000| Untracked 
|  75|0x0000000086700000, 0x0000000086700000, 0x0000000086800000|  0%| F|  |TAMS 0x0000000086700000, 0x0000000086700000| Untracked 
|  76|0x0000000086800000, 0x0000000086800000, 0x0000000086900000|  0%| F|  |TAMS 0x0000000086800000, 0x0000000086800000| Untracked 
|  77|0x0000000086900000, 0x0000000086900000, 0x0000000086a00000|  0%| F|  |TAMS 0x0000000086900000, 0x0000000086900000| Untracked 
|  78|0x0000000086a00000, 0x0000000086a00000, 0x0000000086b00000|  0%| F|  |TAMS 0x0000000086a00000, 0x0000000086a00000| Untracked 
|  79|0x0000000086b00000, 0x0000000086c00000, 0x0000000086c00000|100%| S|CS|TAMS 0x0000000086b00000, 0x0000000086b00000| Complete 
|  80|0x0000000086c00000, 0x0000000086d00000, 0x0000000086d00000|100%| S|CS|TAMS 0x0000000086c00000, 0x0000000086c00000| Complete 
|  81|0x0000000086d00000, 0x0000000086e00000, 0x0000000086e00000|100%| S|CS|TAMS 0x0000000086d00000, 0x0000000086d00000| Complete 
|  82|0x0000000086e00000, 0x0000000086e00000, 0x0000000086f00000|  0%| F|  |TAMS 0x0000000086e00000, 0x0000000086e00000| Untracked 
|  83|0x0000000086f00000, 0x0000000086f00000, 0x0000000087000000|  0%| F|  |TAMS 0x0000000086f00000, 0x0000000086f00000| Untracked 
|  84|0x0000000087000000, 0x0000000087000000, 0x0000000087100000|  0%| F|  |TAMS 0x0000000087000000, 0x0000000087000000| Untracked 
|  85|0x0000000087100000, 0x0000000087100000, 0x0000000087200000|  0%| F|  |TAMS 0x0000000087100000, 0x0000000087100000| Untracked 
|  86|0x0000000087200000, 0x0000000087200000, 0x0000000087300000|  0%| F|  |TAMS 0x0000000087200000, 0x0000000087200000| Untracked 
|  87|0x0000000087300000, 0x0000000087300000, 0x0000000087400000|  0%| F|  |TAMS 0x0000000087300000, 0x0000000087300000| Untracked 
|  88|0x0000000087400000, 0x00000000874eff80, 0x0000000087500000| 93%| E|  |TAMS 0x0000000087400000, 0x0000000087400000| Complete 
|  89|0x0000000087500000, 0x0000000087600000, 0x0000000087600000|100%| E|CS|TAMS 0x0000000087500000, 0x0000000087500000| Complete 
|  90|0x0000000087600000, 0x0000000087700000, 0x0000000087700000|100%| E|CS|TAMS 0x0000000087600000, 0x0000000087600000| Complete 
|  91|0x0000000087700000, 0x0000000087800000, 0x0000000087800000|100%| E|CS|TAMS 0x0000000087700000, 0x0000000087700000| Complete 
|  92|0x0000000087800000, 0x0000000087900000, 0x0000000087900000|100%| E|CS|TAMS 0x0000000087800000, 0x0000000087800000| Complete 
|  93|0x0000000087900000, 0x0000000087a00000, 0x0000000087a00000|100%| E|CS|TAMS 0x0000000087900000, 0x0000000087900000| Complete 
|  94|0x0000000087a00000, 0x0000000087b00000, 0x0000000087b00000|100%| E|CS|TAMS 0x0000000087a00000, 0x0000000087a00000| Complete 
|  95|0x0000000087b00000, 0x0000000087c00000, 0x0000000087c00000|100%| E|  |TAMS 0x0000000087b00000, 0x0000000087b00000| Complete 
|  96|0x0000000087c00000, 0x0000000087d00000, 0x0000000087d00000|100%| E|CS|TAMS 0x0000000087c00000, 0x0000000087c00000| Complete 
|  97|0x0000000087d00000, 0x0000000087e00000, 0x0000000087e00000|100%| E|CS|TAMS 0x0000000087d00000, 0x0000000087d00000| Complete 
|  98|0x0000000087e00000, 0x0000000087f00000, 0x0000000087f00000|100%| E|CS|TAMS 0x0000000087e00000, 0x0000000087e00000| Complete 
|  99|0x0000000087f00000, 0x0000000088000000, 0x0000000088000000|100%| E|CS|TAMS 0x0000000087f00000, 0x0000000087f00000| Complete 
| 100|0x0000000088000000, 0x0000000088100000, 0x0000000088100000|100%| E|CS|TAMS 0x0000000088000000, 0x0000000088000000| Complete 
| 101|0x0000000088100000, 0x0000000088200000, 0x0000000088200000|100%| E|CS|TAMS 0x0000000088100000, 0x0000000088100000| Complete 
| 127|0x0000000089b00000, 0x0000000089c00000, 0x0000000089c00000|100%| E|CS|TAMS 0x0000000089b00000, 0x0000000089b00000| Complete 

Card table byte_map: [0x000001c6fbd80000,0x000001c6fc180000] _byte_map_base: 0x000001c6fb972000

Marking Bits (Prev, Next): (CMBitMap*) 0x000001c6f1159a40, (CMBitMap*) 0x000001c6f1159a80
 Prev Bits: [0x000001c6fc580000, 0x000001c6fe510000)
 Next Bits: [0x000001c680000000, 0x000001c681f90000)

Polling page: 0x000001c6ef030000

Metaspace:

Usage:
  Non-class:     56.03 MB used.
      Class:      9.55 MB used.
       Both:     65.58 MB used.

Virtual space:
  Non-class space:       64.00 MB reserved,      56.38 MB ( 88%) committed,  8 nodes.
      Class space:        1.00 GB reserved,       9.88 MB ( <1%) committed,  1 nodes.
             Both:        1.06 GB reserved,      66.25 MB (  6%) committed. 

Chunk freelists:
   Non-Class:  3.59 MB
       Class:  2.05 MB
        Both:  5.64 MB

MaxMetaspaceSize: unlimited
CompressedClassSpaceSize: 1.00 GB
Initial GC threshold: 21.00 MB
Current GC threshold: 69.31 MB
CDS: on
MetaspaceReclaimPolicy: balanced
 - commit_granule_bytes: 65536.
 - commit_granule_words: 8192.
 - virtual_space_node_default_size: 1048576.
 - enlarge_chunks_in_place: 1.
 - new_chunks_are_fully_committed: 0.
 - uncommit_free_chunks: 1.
 - use_allocation_guard: 0.
 - handle_deallocations: 1.


Internal statistics:

num_allocs_failed_limit: 9.
num_arena_births: 910.
num_arena_deaths: 0.
num_vsnodes_births: 9.
num_vsnodes_deaths: 0.
num_space_committed: 1060.
num_space_uncommitted: 0.
num_chunks_returned_to_freelist: 9.
num_chunks_taken_from_freelist: 3388.
num_chunk_merges: 9.
num_chunk_splits: 2466.
num_chunks_enlarged: 1906.
num_purges: 0.
num_inconsistent_stats: 0.

CodeCache: size=49152Kb used=14581Kb max_used=14581Kb free=34570Kb
 bounds [0x000001c6f8980000, 0x000001c6f97c0000, 0x000001c6fb980000]
 total_blobs=8354 nmethods=7688 adapters=590
 compilation: enabled
              stopped_count=0, restarted_count=0
 full_count=0

Compilation events (20 events):
Event: 10.431 Thread 0x000001c6fe7985e0 7679       1       java.util.concurrent.ConcurrentLinkedQueue::toArrayInternal (141 bytes)
Event: 10.431 Thread 0x000001c6fe765350 nmethod 7678 0x000001c6f97b8c10 code [0x000001c6f97b8da0, 0x000001c6f97b8e88]
Event: 10.431 Thread 0x000001c6fe765350 7680       1       java.util.concurrent.ConcurrentLinkedQueue::first (65 bytes)
Event: 10.431 Thread 0x000001c6ff465020 nmethod 7677 0x000001c6f97b8f10 code [0x000001c6f97b9100, 0x000001c6f97b9498]
Event: 10.432 Thread 0x000001c6fe7985e0 nmethod 7679 0x000001c6f97b9710 code [0x000001c6f97b9900, 0x000001c6f97ba038]
Event: 10.432 Thread 0x000001c6ff465020 7681       1       io.github.classgraph.ClasspathElementZip::toString (5 bytes)
Event: 10.432 Thread 0x000001c6ff465020 nmethod 7681 0x000001c6f97ba310 code [0x000001c6f97ba4a0, 0x000001c6f97ba588]
Event: 10.433 Thread 0x000001c6fe765350 nmethod 7680 0x000001c6f97ba610 code [0x000001c6f97ba860, 0x000001c6f97bb108]
Event: 10.434 Thread 0x000001c6fe765350 7682       1       java.util.concurrent.locks.LockSupport::setCurrentBlocker (14 bytes)
Event: 10.434 Thread 0x000001c6fe765350 nmethod 7682 0x000001c6f97bb510 code [0x000001c6f97bb6a0, 0x000001c6f97bb7b8]
Event: 10.440 Thread 0x000001c6ff465020 7683       1       io.github.classgraph.Scanner$4::processWorkUnit (11 bytes)
Event: 10.441 Thread 0x000001c6ff465020 nmethod 7683 0x000001c6f97bb810 code [0x000001c6f97bb9a0, 0x000001c6f97bbac8]
Event: 10.441 Thread 0x000001c6ff465020 7684       1       io.github.classgraph.Scanner$4::processWorkUnit (6 bytes)
Event: 10.441 Thread 0x000001c6ff465020 nmethod 7684 0x000001c6f97bbb90 code [0x000001c6f97bbd20, 0x000001c6f97bbe08]
Event: 10.441 Thread 0x000001c6fe7985e0 7686       1       io.github.classgraph.ClasspathElementZip::getFile (61 bytes)
Event: 10.441 Thread 0x000001c6fe7985e0 nmethod 7686 0x000001c6f97bc290 code [0x000001c6f97bc4a0, 0x000001c6f97bc868]
Event: 10.441 Thread 0x000001c6fe7985e0 7687       1       io.github.classgraph.ClasspathElement::finishScanPaths (118 bytes)
Event: 10.442 Thread 0x000001c6fe7985e0 nmethod 7687 0x000001c6f97bcb10 code [0x000001c6f97bcd20, 0x000001c6f97bd018]
Event: 10.442 Thread 0x000001c6fe7985e0 7688   !   1       nonapi.io.github.classgraph.fastzipfilereader.ZipFileSlice::getPhysicalFile (30 bytes)
Event: 10.442 Thread 0x000001c6fe7985e0 nmethod 7688 0x000001c6f97bd210 code [0x000001c6f97bd3c0, 0x000001c6f97bd568]

GC Heap History (20 events):
Event: 8.727 GC heap before
{Heap before GC invocations=17 (full 0):
 garbage-first heap   total 66560K, used 53720K [0x0000000081c00000, 0x0000000100000000)
  region size 1024K, 25 young (25600K), 2 survivors (2048K)
 Metaspace       used 59016K, committed 59648K, reserved 1105920K
  class space    used 8536K, committed 8832K, reserved 1048576K
}
Event: 8.731 GC heap after
{Heap after GC invocations=18 (full 0):
 garbage-first heap   total 66560K, used 31584K [0x0000000081c00000, 0x0000000100000000)
  region size 1024K, 4 young (4096K), 4 survivors (4096K)
 Metaspace       used 59016K, committed 59648K, reserved 1105920K
  class space    used 8536K, committed 8832K, reserved 1048576K
}
Event: 8.937 GC heap before
{Heap before GC invocations=18 (full 0):
 garbage-first heap   total 66560K, used 52064K [0x0000000081c00000, 0x0000000100000000)
  region size 1024K, 25 young (25600K), 4 survivors (4096K)
 Metaspace       used 61612K, committed 62208K, reserved 1105920K
  class space    used 9026K, committed 9280K, reserved 1048576K
}
Event: 8.942 GC heap after
{Heap after GC invocations=19 (full 0):
 garbage-first heap   total 66560K, used 32685K [0x0000000081c00000, 0x0000000100000000)
  region size 1024K, 4 young (4096K), 4 survivors (4096K)
 Metaspace       used 61612K, committed 62208K, reserved 1105920K
  class space    used 9026K, committed 9280K, reserved 1048576K
}
Event: 9.031 GC heap before
{Heap before GC invocations=19 (full 0):
 garbage-first heap   total 66560K, used 53165K [0x0000000081c00000, 0x0000000100000000)
  region size 1024K, 24 young (24576K), 4 survivors (4096K)
 Metaspace       used 61764K, committed 62336K, reserved 1105920K
  class space    used 9038K, committed 9280K, reserved 1048576K
}
Event: 9.036 GC heap after
{Heap after GC invocations=20 (full 0):
 garbage-first heap   total 79872K, used 33216K [0x0000000081c00000, 0x0000000100000000)
  region size 1024K, 2 young (2048K), 2 survivors (2048K)
 Metaspace       used 61764K, committed 62336K, reserved 1105920K
  class space    used 9038K, committed 9280K, reserved 1048576K
}
Event: 9.439 GC heap before
{Heap before GC invocations=20 (full 0):
 garbage-first heap   total 79872K, used 64960K [0x0000000081c00000, 0x0000000100000000)
  region size 1024K, 33 young (33792K), 2 survivors (2048K)
 Metaspace       used 64467K, committed 65024K, reserved 1105920K
  class space    used 9424K, committed 9664K, reserved 1048576K
}
Event: 9.445 GC heap after
{Heap after GC invocations=21 (full 0):
 garbage-first heap   total 79872K, used 35093K [0x0000000081c00000, 0x0000000100000000)
  region size 1024K, 4 young (4096K), 4 survivors (4096K)
 Metaspace       used 64467K, committed 65024K, reserved 1105920K
  class space    used 9424K, committed 9664K, reserved 1048576K
}
Event: 9.854 GC heap before
{Heap before GC invocations=21 (full 0):
 garbage-first heap   total 79872K, used 65813K [0x0000000081c00000, 0x0000000100000000)
  region size 1024K, 33 young (33792K), 4 survivors (4096K)
 Metaspace       used 67060K, committed 67712K, reserved 1114112K
  class space    used 9766K, committed 10048K, reserved 1048576K
}
Event: 9.864 GC heap after
{Heap after GC invocations=22 (full 0):
 garbage-first heap   total 79872K, used 39810K [0x0000000081c00000, 0x0000000100000000)
  region size 1024K, 5 young (5120K), 5 survivors (5120K)
 Metaspace       used 67060K, committed 67712K, reserved 1114112K
  class space    used 9766K, committed 10048K, reserved 1048576K
}
Event: 10.062 GC heap before
{Heap before GC invocations=22 (full 0):
 garbage-first heap   total 79872K, used 63362K [0x0000000081c00000, 0x0000000100000000)
  region size 1024K, 29 young (29696K), 5 survivors (5120K)
 Metaspace       used 67073K, committed 67776K, reserved 1114112K
  class space    used 9768K, committed 10112K, reserved 1048576K
}
Event: 10.072 GC heap after
{Heap after GC invocations=23 (full 0):
 garbage-first heap   total 79872K, used 44806K [0x0000000081c00000, 0x0000000100000000)
  region size 1024K, 4 young (4096K), 4 survivors (4096K)
 Metaspace       used 67073K, committed 67776K, reserved 1114112K
  class space    used 9768K, committed 10112K, reserved 1048576K
}
Event: 10.147 GC heap before
{Heap before GC invocations=23 (full 0):
 garbage-first heap   total 79872K, used 55046K [0x0000000081c00000, 0x0000000100000000)
  region size 1024K, 16 young (16384K), 4 survivors (4096K)
 Metaspace       used 67155K, committed 67840K, reserved 1114112K
  class space    used 9779K, committed 10112K, reserved 1048576K
}
Event: 10.154 GC heap after
{Heap after GC invocations=24 (full 0):
 garbage-first heap   total 105472K, used 49081K [0x0000000081c00000, 0x0000000100000000)
  region size 1024K, 3 young (3072K), 3 survivors (3072K)
 Metaspace       used 67155K, committed 67840K, reserved 1114112K
  class space    used 9779K, committed 10112K, reserved 1048576K
}
Event: 10.250 GC heap before
{Heap before GC invocations=24 (full 0):
 garbage-first heap   total 105472K, used 75705K [0x0000000081c00000, 0x0000000100000000)
  region size 1024K, 29 young (29696K), 3 survivors (3072K)
 Metaspace       used 67155K, committed 67840K, reserved 1114112K
  class space    used 9779K, committed 10112K, reserved 1048576K
}
Event: 10.257 GC heap after
{Heap after GC invocations=25 (full 0):
 garbage-first heap   total 105472K, used 55703K [0x0000000081c00000, 0x0000000100000000)
  region size 1024K, 4 young (4096K), 4 survivors (4096K)
 Metaspace       used 67155K, committed 67840K, reserved 1114112K
  class space    used 9779K, committed 10112K, reserved 1048576K
}
Event: 10.295 GC heap before
{Heap before GC invocations=25 (full 0):
 garbage-first heap   total 105472K, used 62871K [0x0000000081c00000, 0x0000000100000000)
  region size 1024K, 12 young (12288K), 4 survivors (4096K)
 Metaspace       used 67155K, committed 67840K, reserved 1114112K
  class space    used 9779K, committed 10112K, reserved 1048576K
}
Event: 10.302 GC heap after
{Heap after GC invocations=26 (full 0):
 garbage-first heap   total 105472K, used 59041K [0x0000000081c00000, 0x0000000100000000)
  region size 1024K, 3 young (3072K), 3 survivors (3072K)
 Metaspace       used 67155K, committed 67840K, reserved 1114112K
  class space    used 9779K, committed 10112K, reserved 1048576K
}
Event: 10.361 GC heap before
{Heap before GC invocations=26 (full 0):
 garbage-first heap   total 105472K, used 77473K [0x0000000081c00000, 0x0000000100000000)
  region size 1024K, 21 young (21504K), 3 survivors (3072K)
 Metaspace       used 67155K, committed 67840K, reserved 1114112K
  class space    used 9779K, committed 10112K, reserved 1048576K
}
Event: 10.367 GC heap after
{Heap after GC invocations=27 (full 0):
 garbage-first heap   total 105472K, used 63038K [0x0000000081c00000, 0x0000000100000000)
  region size 1024K, 3 young (3072K), 3 survivors (3072K)
 Metaspace       used 67155K, committed 67840K, reserved 1114112K
  class space    used 9779K, committed 10112K, reserved 1048576K
}

Deoptimization events (10 events):
Event: 2.149 Thread 0x000001c6f11002e0 DEOPT PACKING pc=0x000001c6f8e83719 sp=0x00000008498fd500
Event: 2.149 Thread 0x000001c6f11002e0 DEOPT UNPACKING pc=0x000001c6f89d2b43 sp=0x00000008498fc9e0 mode 3
Event: 2.427 Thread 0x000001c6f11002e0 DEOPT PACKING pc=0x000001c6f8ef9ad5 sp=0x00000008498fdb00
Event: 2.427 Thread 0x000001c6f11002e0 DEOPT UNPACKING pc=0x000001c6f89d2b43 sp=0x00000008498fcfa8 mode 3
Event: 8.069 Thread 0x000001c6f11002e0 DEOPT PACKING pc=0x000001c6f8ef10a4 sp=0x00000008498fc560
Event: 8.069 Thread 0x000001c6f11002e0 DEOPT UNPACKING pc=0x000001c6f89d2b43 sp=0x00000008498fbab8 mode 0
Event: 8.436 Thread 0x000001c6f11002e0 DEOPT PACKING pc=0x000001c6f8eb292a sp=0x00000008498fd3c0
Event: 8.436 Thread 0x000001c6f11002e0 DEOPT UNPACKING pc=0x000001c6f89d2b43 sp=0x00000008498fc8c8 mode 3
Event: 9.796 Thread 0x000001c6f11002e0 DEOPT PACKING pc=0x000001c6f96d027b sp=0x00000008498fd2c0
Event: 9.796 Thread 0x000001c6f11002e0 DEOPT UNPACKING pc=0x000001c6f89d2b43 sp=0x00000008498fc808 mode 3

Classes unloaded (0 events):
No events

Classes redefined (0 events):
No events

Internal exceptions (20 events):
Event: 10.286 Thread 0x000001c6879d3080 Exception <a 'sun/nio/fs/WindowsException'{0x0000000087c0f1a0}> (0x0000000087c0f1a0) 
thrown [s\open\src\hotspot\share\prims\jni.cpp, line 516]
Event: 10.286 Thread 0x000001c6879d3080 Exception <a 'sun/nio/fs/WindowsException'{0x0000000087c0f4b0}> (0x0000000087c0f4b0) 
thrown [s\open\src\hotspot\share\prims\jni.cpp, line 516]
Event: 10.286 Thread 0x000001c6879d3080 Exception <a 'sun/nio/fs/WindowsException'{0x0000000087c0fe28}> (0x0000000087c0fe28) 
thrown [s\open\src\hotspot\share\prims\jni.cpp, line 516]
Event: 10.286 Thread 0x000001c6879d3080 Exception <a 'sun/nio/fs/WindowsException'{0x0000000087c10170}> (0x0000000087c10170) 
thrown [s\open\src\hotspot\share\prims\jni.cpp, line 516]
Event: 10.287 Thread 0x000001c6879d3080 Exception <a 'sun/nio/fs/WindowsException'{0x0000000087c10ac0}> (0x0000000087c10ac0) 
thrown [s\open\src\hotspot\share\prims\jni.cpp, line 516]
Event: 10.287 Thread 0x000001c6879d3080 Exception <a 'sun/nio/fs/WindowsException'{0x0000000087c10dd8}> (0x0000000087c10dd8) 
thrown [s\open\src\hotspot\share\prims\jni.cpp, line 516]
Event: 10.287 Thread 0x000001c6879d3080 Exception <a 'sun/nio/fs/WindowsException'{0x0000000087c11700}> (0x0000000087c11700) 
thrown [s\open\src\hotspot\share\prims\jni.cpp, line 516]
Event: 10.287 Thread 0x000001c6879d3080 Exception <a 'sun/nio/fs/WindowsException'{0x0000000087c119e0}> (0x0000000087c119e0) 
thrown [s\open\src\hotspot\share\prims\jni.cpp, line 516]
Event: 10.287 Thread 0x000001c6879d3080 Exception <a 'sun/nio/fs/WindowsException'{0x0000000087c12318}> (0x0000000087c12318) 
thrown [s\open\src\hotspot\share\prims\jni.cpp, line 516]
Event: 10.287 Thread 0x000001c6879d3080 Exception <a 'sun/nio/fs/WindowsException'{0x0000000087c12610}> (0x0000000087c12610) 
thrown [s\open\src\hotspot\share\prims\jni.cpp, line 516]
Event: 10.287 Thread 0x000001c6879d3080 Exception <a 'sun/nio/fs/WindowsException'{0x0000000087c12f38}> (0x0000000087c12f38) 
thrown [s\open\src\hotspot\share\prims\jni.cpp, line 516]
Event: 10.287 Thread 0x000001c6879d3080 Exception <a 'sun/nio/fs/WindowsException'{0x0000000087c13220}> (0x0000000087c13220) 
thrown [s\open\src\hotspot\share\prims\jni.cpp, line 516]
Event: 10.287 Thread 0x000001c6879d3080 Exception <a 'sun/nio/fs/WindowsException'{0x0000000087c13b58}> (0x0000000087c13b58) 
thrown [s\open\src\hotspot\share\prims\jni.cpp, line 516]
Event: 10.287 Thread 0x000001c6879d3080 Exception <a 'sun/nio/fs/WindowsException'{0x0000000087c13e50}> (0x0000000087c13e50) 
thrown [s\open\src\hotspot\share\prims\jni.cpp, line 516]
Event: 10.287 Thread 0x000001c6879d3080 Exception <a 'sun/nio/fs/WindowsException'{0x0000000087c147a0}> (0x0000000087c147a0) 
thrown [s\open\src\hotspot\share\prims\jni.cpp, line 516]
Event: 10.288 Thread 0x000001c6879d3080 Exception <a 'sun/nio/fs/WindowsException'{0x0000000087c14ab8}> (0x0000000087c14ab8) 
thrown [s\open\src\hotspot\share\prims\jni.cpp, line 516]
Event: 10.288 Thread 0x000001c6879d3080 Exception <a 'sun/nio/fs/WindowsException'{0x0000000087c15420}> (0x0000000087c15420) 
thrown [s\open\src\hotspot\share\prims\jni.cpp, line 516]
Event: 10.288 Thread 0x000001c6879d3080 Exception <a 'sun/nio/fs/WindowsException'{0x0000000087c15750}> (0x0000000087c15750) 
thrown [s\open\src\hotspot\share\prims\jni.cpp, line 516]
Event: 10.288 Thread 0x000001c6879d3080 Exception <a 'sun/nio/fs/WindowsException'{0x0000000087c160b0}> (0x0000000087c160b0) 
thrown [s\open\src\hotspot\share\prims\jni.cpp, line 516]
Event: 10.288 Thread 0x000001c6879d3080 Exception <a 'sun/nio/fs/WindowsException'{0x0000000087c163d8}> (0x0000000087c163d8) 
thrown [s\open\src\hotspot\share\prims\jni.cpp, line 516]

VM Operations (20 events):
Event: 9.580 Executing VM operation: HandshakeAllThreads done
Event: 9.672 Executing VM operation: HandshakeAllThreads
Event: 9.672 Executing VM operation: HandshakeAllThreads done
Event: 9.673 Executing VM operation: HandshakeAllThreads
Event: 9.673 Executing VM operation: HandshakeAllThreads done
Event: 9.854 Executing VM operation: G1CollectForAllocation
Event: 9.864 Executing VM operation: G1CollectForAllocation done
Event: 10.062 Executing VM operation: G1CollectForAllocation
Event: 10.075 Executing VM operation: G1CollectForAllocation done
Event: 10.093 Executing VM operation: HandshakeAllThreads
Event: 10.093 Executing VM operation: HandshakeAllThreads done
Event: 10.147 Executing VM operation: G1TryInitiateConcMark
Event: 10.154 Executing VM operation: G1TryInitiateConcMark done
Event: 10.250 Executing VM operation: G1CollectForAllocation
Event: 10.259 Executing VM operation: G1CollectForAllocation done
Event: 10.295 Executing VM operation: G1TryInitiateConcMark
Event: 10.302 Executing VM operation: G1TryInitiateConcMark done
Event: 10.361 Executing VM operation: G1CollectForAllocation
Event: 10.367 Executing VM operation: G1CollectForAllocation done
Event: 10.443 Executing VM operation: G1Concurrent

Events (20 events):
Event: 10.267 Thread 0x000001c6879d0a00 Thread added: 0x000001c6879d0a00
Event: 10.268 Thread 0x000001c6879d3080 Thread added: 0x000001c6879d3080
Event: 10.268 Thread 0x000001c6879d3550 Thread added: 0x000001c6879d3550
Event: 10.268 Thread 0x000001c6879d3a20 Thread added: 0x000001c6879d3a20
Event: 10.272 Thread 0x000001c6879d0530 Thread exited: 0x000001c6879d0530
Event: 10.272 Thread 0x000001c6879d3550 Thread exited: 0x000001c6879d3550
Event: 10.272 Thread 0x000001c6879d26e0 Thread exited: 0x000001c6879d26e0
Event: 10.272 Thread 0x000001c6879d3a20 Thread exited: 0x000001c6879d3a20
Event: 10.272 Thread 0x000001c6879d3080 Thread exited: 0x000001c6879d3080
Event: 10.272 Thread 0x000001c6879d0a00 Thread exited: 0x000001c6879d0a00
Event: 10.272 Thread 0x000001c6879d2bb0 Thread exited: 0x000001c6879d2bb0
Event: 10.272 Thread 0x000001c6879d2210 Thread exited: 0x000001c6879d2210
Event: 10.284 Thread 0x000001c6879d0ed0 Thread added: 0x000001c6879d0ed0
Event: 10.284 Thread 0x000001c6879d3080 Thread added: 0x000001c6879d3080
Event: 10.284 Thread 0x000001c6879d3550 Thread added: 0x000001c6879d3550
Event: 10.285 Thread 0x000001c6879d13a0 Thread added: 0x000001c6879d13a0
Event: 10.285 Thread 0x000001c6879d2210 Thread added: 0x000001c6879d2210
Event: 10.285 Thread 0x000001c6879d1870 Thread added: 0x000001c6879d1870
Event: 10.285 Thread 0x000001c6879d0530 Thread added: 0x000001c6879d0530
Event: 10.285 Thread 0x000001c6879d3a20 Thread added: 0x000001c6879d3a20


Dynamic libraries:
0x00007ff628eb0000 - 0x00007ff628ec0000 	C:\Program Files\Java\jdk-17\bin\java.exe
0x00007ffebe210000 - 0x00007ffebe408000 	C:\Windows\SYSTEM32\ntdll.dll
0x00007ffebd6b0000 - 0x00007ffebd76d000 	C:\Windows\System32\KERNEL32.DLL
0x00007ffebb9d0000 - 0x00007ffebbcc6000 	C:\Windows\System32\KERNELBASE.dll
0x00007ffebbe50000 - 0x00007ffebbf50000 	C:\Windows\System32\ucrtbase.dll
0x00007ffea6720000 - 0x00007ffea673b000 	C:\Program Files\Java\jdk-17\bin\VCRUNTIME140.dll
0x00007ffe9b740000 - 0x00007ffe9b759000 	C:\Program Files\Java\jdk-17\bin\jli.dll
0x00007ffebdb00000 - 0x00007ffebdbae000 	C:\Windows\System32\ADVAPI32.dll
0x00007ffebe020000 - 0x00007ffebe0be000 	C:\Windows\System32\msvcrt.dll
0x00007ffebc7a0000 - 0x00007ffebc83c000 	C:\Windows\System32\sechost.dll
0x00007ffebd850000 - 0x00007ffebd976000 	C:\Windows\System32\RPCRT4.dll
0x00007ffebd510000 - 0x00007ffebd6ae000 	C:\Windows\System32\USER32.dll
0x00007ffebbdb0000 - 0x00007ffebbdd2000 	C:\Windows\System32\win32u.dll
0x00007ffebdff0000 - 0x00007ffebe01c000 	C:\Windows\System32\GDI32.dll
0x00007ffebbf50000 - 0x00007ffebc06a000 	C:\Windows\System32\gdi32full.dll
0x00007ffebc1d0000 - 0x00007ffebc26d000 	C:\Windows\System32\msvcp_win.dll
0x00007ffeaef10000 - 0x00007ffeaf1aa000 	C:\Windows\WinSxS\amd64_microsoft.windows.common-controls_6595b64144ccf1df_6.0.19041.1110_none_60b5254171f9507e\COMCTL32.dll
0x00007ffea95e0000 - 0x00007ffea95ea000 	C:\Windows\SYSTEM32\VERSION.dll
0x00007ffebd470000 - 0x00007ffebd4a0000 	C:\Windows\System32\IMM32.DLL
0x00007ffea89b0000 - 0x00007ffea89bc000 	C:\Program Files\Java\jdk-17\bin\vcruntime140_1.dll
0x00007ffe7d1b0000 - 0x00007ffe7d23e000 	C:\Program Files\Java\jdk-17\bin\msvcp140.dll
0x00007ffe792d0000 - 0x00007ffe79ead000 	C:\Program Files\Java\jdk-17\bin\server\jvm.dll
0x00007ffebd500000 - 0x00007ffebd508000 	C:\Windows\System32\PSAPI.DLL
0x00007ffea7180000 - 0x00007ffea7189000 	C:\Windows\SYSTEM32\WSOCK32.dll
0x00007ffea8be0000 - 0x00007ffea8c07000 	C:\Windows\SYSTEM32\WINMM.dll
0x00007ffebdf10000 - 0x00007ffebdf7b000 	C:\Windows\System32\WS2_32.dll
0x00007ffeba110000 - 0x00007ffeba122000 	C:\Windows\SYSTEM32\kernel.appcore.dll
0x00007ffea8560000 - 0x00007ffea856a000 	C:\Program Files\Java\jdk-17\bin\jimage.dll
0x00007ffeb9e20000 - 0x00007ffeba004000 	C:\Windows\SYSTEM32\DBGHELP.DLL
0x00007ffe995a0000 - 0x00007ffe995d4000 	C:\Windows\SYSTEM32\dbgcore.DLL
0x00007ffebb8f0000 - 0x00007ffebb972000 	C:\Windows\System32\bcryptPrimitives.dll
0x00007ffeb5e20000 - 0x00007ffeb5e2e000 	C:\Program Files\Java\jdk-17\bin\instrument.dll
0x00007ffe92d60000 - 0x00007ffe92d85000 	C:\Program Files\Java\jdk-17\bin\java.dll
0x00007ffe7d0d0000 - 0x00007ffe7d1a7000 	C:\Program Files\Java\jdk-17\bin\jsvml.dll
0x00007ffebc850000 - 0x00007ffebcf95000 	C:\Windows\System32\SHELL32.dll
0x00007ffeb95b0000 - 0x00007ffeb9d4b000 	C:\Windows\SYSTEM32\windows.storage.dll
0x00007ffebdbb0000 - 0x00007ffebdf04000 	C:\Windows\System32\combase.dll
0x00007ffebb260000 - 0x00007ffebb28e000 	C:\Windows\SYSTEM32\Wldp.dll
0x00007ffebe120000 - 0x00007ffebe1cd000 	C:\Windows\System32\SHCORE.dll
0x00007ffebdf80000 - 0x00007ffebdfd5000 	C:\Windows\System32\shlwapi.dll
0x00007ffebb820000 - 0x00007ffebb845000 	C:\Windows\SYSTEM32\profapi.dll
0x00007ffe925f0000 - 0x00007ffe92608000 	C:\Program Files\Java\jdk-17\bin\zip.dll
0x00007ffe931f0000 - 0x00007ffe93209000 	C:\Program Files\Java\jdk-17\bin\net.dll
0x00007ffea9100000 - 0x00007ffea920a000 	C:\Windows\SYSTEM32\WINHTTP.dll
0x00007ffebafc0000 - 0x00007ffebb02a000 	C:\Windows\system32\mswsock.dll
0x00007ffe92740000 - 0x00007ffe92756000 	C:\Program Files\Java\jdk-17\bin\nio.dll
0x00007ffe96d40000 - 0x00007ffe96d5a000 	C:\Program Files\JetBrains\IntelliJ IDEA 2023.2\bin\breakgen64.dll
0x00007ffebacf0000 - 0x00007ffebadba000 	C:\Windows\SYSTEM32\DNSAPI.dll
0x00007ffebacb0000 - 0x00007ffebaceb000 	C:\Windows\SYSTEM32\IPHLPAPI.DLL
0x00007ffebdfe0000 - 0x00007ffebdfe8000 	C:\Windows\System32\NSI.dll
0x00007ffea78a0000 - 0x00007ffea78aa000 	C:\Windows\System32\rasadhlp.dll
0x00007ffea7a30000 - 0x00007ffea7ab2000 	C:\Windows\System32\fwpuclnt.dll
0x00007ffebbd80000 - 0x00007ffebbda7000 	C:\Windows\System32\bcrypt.dll
0x00007ffeab050000 - 0x00007ffeab05a000 	C:\Program Files\Java\jdk-17\bin\management.dll
0x00007ffe96d30000 - 0x00007ffe96d3b000 	C:\Program Files\Java\jdk-17\bin\management_ext.dll
0x00007ffebb1b0000 - 0x00007ffebb1c8000 	C:\Windows\SYSTEM32\CRYPTSP.dll
0x00007ffeba8d0000 - 0x00007ffeba904000 	C:\Windows\system32\rsaenh.dll
0x00007ffebb7a0000 - 0x00007ffebb7ce000 	C:\Windows\SYSTEM32\USERENV.dll
0x00007ffebb1d0000 - 0x00007ffebb1dc000 	C:\Windows\SYSTEM32\CRYPTBASE.dll
0x00007ffea95f0000 - 0x00007ffea9607000 	C:\Windows\SYSTEM32\dhcpcsvc6.DLL
0x00007ffeaa490000 - 0x00007ffeaa4ad000 	C:\Windows\SYSTEM32\dhcpcsvc.DLL
0x00007ffea8c80000 - 0x00007ffea8c97000 	C:\Windows\system32\napinsp.dll
0x00007ffea88b0000 - 0x00007ffea88cb000 	C:\Windows\system32\pnrpnsp.dll
0x00007ffe92620000 - 0x00007ffe92635000 	C:\Windows\system32\wshbth.dll
0x00007ffeb6b80000 - 0x00007ffeb6b9d000 	C:\Windows\system32\NLAapi.dll
0x00007ffea6f80000 - 0x00007ffea6f92000 	C:\Windows\System32\winrnr.dll
0x00007ffea6f20000 - 0x00007ffea6f30000 	C:\Program Files\Java\jdk-17\bin\verify.dll
0x00007ffe96d20000 - 0x00007ffe96d2d000 	C:\Program Files\Java\jdk-17\bin\sunmscapi.dll
0x00007ffebc070000 - 0x00007ffebc1ce000 	C:\Windows\System32\CRYPT32.dll
0x00007ffebb2d0000 - 0x00007ffebb2f8000 	C:\Windows\SYSTEM32\ncrypt.dll
0x00007ffebb290000 - 0x00007ffebb2cb000 	C:\Windows\SYSTEM32\NTASN1.dll

dbghelp: loaded successfully - version: 4.0.5 - missing functions: none
symbol engine: initialized successfully - sym options: 0x614 - pdb path: .;C:\Program Files\Java\jdk-17\bin;C:\Windows\SYSTEM32;C:\Windows\WinSxS\amd64_microsoft.windows.common-controls_6595b64144ccf1df_6.0.19041.1110_none_60b5254171f9507e;C:\Program Files\Java\jdk-17\bin\server;C:\Program Files\JetBrains\IntelliJ IDEA 2023.2\bin

VM Arguments:
jvm_args: -XX:TieredStopAtLevel=1 -Dspring.output.ansi.enabled=always -Dcom.sun.management.jmxremote -Dspring.jmx.enabled=true -Dspring.liveBeansView.mbeanDomain -Dspring.application.admin.enabled=true -Dmanagement.endpoints.jmx.exposure.include=* -javaagent:C:\Program Files\JetBrains\IntelliJ IDEA 2023.2\lib\idea_rt.jar=65019:C:\Program Files\JetBrains\IntelliJ IDEA 2023.2\bin -Dfile.encoding=UTF-8 
java_command: ma.salah.gestion_de_stock_backend.GestionDeStockBackendApplication
java_class_path (initial): C:\Users\Salah\IdeaProjects\gestion_de_stock_backend\target\classes;C:\Users\Salah\.m2\repository\org\springframework\boot\spring-boot-starter-data-jpa\3.1.4\spring-boot-starter-data-jpa-3.1.4.jar;C:\Users\Salah\.m2\repository\org\springframework\boot\spring-boot-starter-aop\3.1.4\spring-boot-starter-aop-3.1.4.jar;C:\Users\Salah\.m2\repository\org\aspectj\aspectjweaver\1.9.20\aspectjweaver-1.9.20.jar;C:\Users\Salah\.m2\repository\org\springframework\boot\spring-boot-starter-jdbc\3.1.4\spring-boot-starter-jdbc-3.1.4.jar;C:\Users\Salah\.m2\repository\com\zaxxer\HikariCP\5.0.1\HikariCP-5.0.1.jar;C:\Users\Salah\.m2\repository\org\springframework\spring-jdbc\6.0.12\spring-jdbc-6.0.12.jar;C:\Users\Salah\.m2\repository\org\hibernate\orm\hibernate-core\6.2.9.Final\hibernate-core-6.2.9.Final.jar;C:\Users\Salah\.m2\repository\jakarta\persistence\jakarta.persistence-api\3.1.0\jakarta.persistence-api-3.1.0.jar;C:\Users\Salah\.m2\repository\jakarta\transaction\jakarta.transaction-api\2.0.1\jakarta.transaction-api-2.0.1.jar;C:\Users\Salah\.m2\repository\org\jboss\logging\jboss-logging\3.5.3.Final\jboss-logging-3.5.3.Final.jar;C:\Users\Salah\.m2\repository\org\hibernate\common\hibernate-commons-annotations\6.0.6.Final\hibernate-commons-annotations-6.0.6.Final.jar;C:\Users\Salah\.m2\repository\io\smallrye\jandex\3.0.5\jandex-3.0.5.jar;C:\Users\Salah\.m2\repository\com\fasterxml\classmate\1.5.1\classmate-1.5.1.jar;C:\Users\Salah\.m2\repository\net\bytebuddy\byte-buddy\1.14.8\byte-buddy-1.14.8.jar;C:\Users\Salah\.m2\repository\org\glassfish\jaxb\jaxb-runtime\4.0.3\jaxb-runtime-4.0.3.jar;C:\Users\Salah\.m2\repository\org\glassfish\jaxb\jaxb-core\4.0.3\jaxb-core-4.0.3.jar;C:\Users\Salah\.m2\repository\org\eclipse\angus\angus-activation\2.0.1\angus-activation-2.0.1.jar;C:\Users\Salah\.m2\repository\org\glassfish\jaxb\txw2\4.0.3\txw2-4.0.3.jar;C:\Users\Salah\.m2\repository\com\sun\istack\istack-commons-runtime\4.1.2\istack-commons-runtime-4.1.2.jar;C:\Users\S
Launcher Type: SUN_STANDARD

[Global flags]
     intx CICompilerCount                          = 3                                         {product} {ergonomic}
     uint ConcGCThreads                            = 1                                         {product} {ergonomic}
     uint G1ConcRefinementThreads                  = 4                                         {product} {ergonomic}
   size_t G1HeapRegionSize                         = 1048576                                   {product} {ergonomic}
    uintx GCDrainStackTargetSize                   = 64                                        {product} {ergonomic}
   size_t InitialHeapSize                          = 134217728                                 {product} {ergonomic}
     bool ManagementServer                         = true                                      {product} {command line}
   size_t MarkStackSize                            = 4194304                                   {product} {ergonomic}
   size_t MaxHeapSize                              = 2118123520                                {product} {ergonomic}
   size_t MaxNewSize                               = 1270874112                                {product} {ergonomic}
   size_t MinHeapDeltaBytes                        = 1048576                                   {product} {ergonomic}
   size_t MinHeapSize                              = 8388608                                   {product} {ergonomic}
    uintx NonProfiledCodeHeapSize                  = 0                                      {pd product} {ergonomic}
     bool ProfileInterpreter                       = false                                  {pd product} {command line}
    uintx ProfiledCodeHeapSize                     = 0                                      {pd product} {ergonomic}
   size_t SoftMaxHeapSize                          = 2118123520                             {manageable} {ergonomic}
     intx TieredStopAtLevel                        = 1                                         {product} {command line}
     bool UseCompressedClassPointers               = true                           {product lp64_product} {ergonomic}
     bool UseCompressedOops                        = true                           {product lp64_product} {ergonomic}
     bool UseG1GC                                  = true                                      {product} {ergonomic}
     bool UseLargePagesIndividualAllocation        = false                                  {pd product} {ergonomic}

Logging:
Log output configuration:
 #0: stdout all=warning uptime,level,tags
 #1: stderr all=off uptime,level,tags

Environment Variables:
PATH=C:\Program Files\Common Files\Oracle\Java\javapath;C:\Windows\system32;C:\Windows;C:\Windows\System32\Wbem;C:\Windows\System32\WindowsPowerShell\v1.0\;C:\Windows\System32\OpenSSH\;C:\Tools\apache-maven-3.9.3\bin;C:\Program Files\Java\jdk-17\bin;C:\Program Files\Git\cmd;C:\Program Files\nodejs\;C:\Users\Salah\AppData\Local\Microsoft\WindowsApps;C:\Program Files\JetBrains\IntelliJ IDEA Community Edition 2023.1.3\bin;;C:\Program Files\JetBrains\IntelliJ IDEA 232.8296.17\bin;;C:\Tools\apache-maven-3.9.3\bin;C:\Users\Salah\AppData\Local\Programs\Microsoft VS Code\bin;C:\Users\Salah\AppData\Roaming\npm
USERNAME=Salah
OS=Windows_NT
PROCESSOR_IDENTIFIER=Intel64 Family 6 Model 142 Stepping 9, GenuineIntel



---------------  S Y S T E M  ---------------

OS:
 Windows 10 , 64 bit Build 19041 (10.0.19041.3393)
OS uptime: 1 days 23:36 hours

CPU: total 4 (initial active 4) (2 cores per cpu, 2 threads per core) family 6 model 142 stepping 9 microcode 0xf0, cx8, cmov, fxsr, ht, mmx, 3dnowpref, sse, sse2, sse3, ssse3, sse4.1, sse4.2, popcnt, lzcnt, tsc, tscinvbit, avx, avx2, aes, erms, clmul, bmi1, bmi2, rtm, adx, fma, vzeroupper, clflush, clflushopt

Memory: 4k page, system-wide physical 8073M (741M free)
TotalPageFile size 10027M (AvailPageFile size 18M)
current process WorkingSet (physical memory assigned to process): 260M, peak: 260M
current process commit charge ("private bytes"): 293M, peak: 314M

vm_info: Java HotSpot(TM) 64-Bit Server VM (17.0.7+8-LTS-224) for windows-amd64 JRE (17.0.7+8-LTS-224), built on Feb 28 2023 23:03:02 by "mach5one" with MS VC++ 17.1 (VS2022)

END.
